./target/debug/bitwisr.d:1: MAJOR:C-O1
./target/debug/build/libc-0e366db1c066fdca/build_script_build-0e366db1c066fdca.d:1: MAJOR:C-O1
./target/debug/build/libc-ac303ddbf2794963/build_script_build-ac303ddbf2794963.d:1: MAJOR:C-O1
./target/debug/build/libc-dbf526ed0a8deb0f/build_script_build-dbf526ed0a8deb0f.d:1: MAJOR:C-O1
./target/debug/build/log-5f1144ad19f2f79c/build_script_build-5f1144ad19f2f79c.d:1: MAJOR:C-O1
./target/debug/build/log-80c214459b162824/build_script_build-80c214459b162824.d:1: MAJOR:C-O1
./target/debug/build/log-db395d22c09c3468/build_script_build-db395d22c09c3468.d:1: MAJOR:C-O1
./target/debug/build/memchr-b0742ffdf83f76f1/build_script_build-b0742ffdf83f76f1.d:1: MAJOR:C-O1
./target/debug/build/memchr-c425a8bb27c5d13f/build_script_build-c425a8bb27c5d13f.d:1: MAJOR:C-O1
./target/debug/build/memchr-e428bd23a597cfed/build_script_build-e428bd23a597cfed.d:1: MAJOR:C-O1
./target/debug/build/nix-027b51b2fc8e1234/build_script_build-027b51b2fc8e1234.d:1: MAJOR:C-O1
./target/debug/build/nix-bbb4a3962bbae1e0/build_script_build-bbb4a3962bbae1e0.d:1: MAJOR:C-O1
./target/debug/build/nix-f4365cde8c5091a5/build_script_build-f4365cde8c5091a5.d:1: MAJOR:C-O1
./target/debug/build/num-traits-840bed339a8cc05a/build_script_build-840bed339a8cc05a.d:1: MAJOR:C-O1
./target/debug/build/num-traits-8c3d89cd26d3098b/build_script_build-8c3d89cd26d3098b.d:1: MAJOR:C-O1
./target/debug/build/num-traits-e0e0ef6acf6eb541/build_script_build-e0e0ef6acf6eb541.d:1: MAJOR:C-O1
./target/debug/deps/aho_corasick-54ce3ab63a6cfbed.d:1: MAJOR:C-O1
./target/debug/deps/aho_corasick-94875e6b7902288e.d:1: MAJOR:C-O1
./target/debug/deps/aho_corasick-9508bd45298074e9.d:1: MAJOR:C-O1
./target/debug/deps/aho_corasick-b4530997a49fcc8f.d:1: MAJOR:C-O1
./target/debug/deps/aho_corasick-e1da00b75c001176.d:1: MAJOR:C-O1
./target/debug/deps/atoi-0be7d3cfe7f874e4.d:1: MAJOR:C-O1
./target/debug/deps/atoi-2e13410da701c377.d:1: MAJOR:C-O1
./target/debug/deps/atoi-aa833a3442f79904.d:1: MAJOR:C-O1
./target/debug/deps/atoi-b72c357f71e13f43.d:1: MAJOR:C-O1
./target/debug/deps/atoi-f03bef40a55c5cd5.d:1: MAJOR:C-O1
./target/debug/deps/atty-3e78bc11b637f957.d:1: MAJOR:C-O1
./target/debug/deps/atty-8dbfa4f5170389af.d:1: MAJOR:C-O1
./target/debug/deps/atty-b4e4045d10c0875b.d:1: MAJOR:C-O1
./target/debug/deps/atty-ce7b9e02078433d7.d:1: MAJOR:C-O1
./target/debug/deps/atty-dbbd733bda2be00d.d:1: MAJOR:C-O1
./target/debug/deps/autocfg-972ea4057b056ec7.d:1: MAJOR:C-O1
./target/debug/deps/autocfg-cd7794f5716386fb.d:1: MAJOR:C-O1
./target/debug/deps/autocfg-e56ba48ac7470450.d:1: MAJOR:C-O1
./target/debug/deps/bitflags-0e89ee692cb5c8ea.d:1: MAJOR:C-O1
./target/debug/deps/bitflags-23471904cb85453a.d:1: MAJOR:C-O1
./target/debug/deps/bitflags-4ce92fae96d0a3bb.d:1: MAJOR:C-O1
./target/debug/deps/bitflags-72898bdcf043eb0c.d:1: MAJOR:C-O1
./target/debug/deps/bitflags-e437b7d482518b3e.d:1: MAJOR:C-O1
./target/debug/deps/bitwisr-0b521142663b6af1.d:1: MAJOR:C-O1
./target/debug/deps/bitwisr-0d8b6ca62924a87a.d:1: MAJOR:C-O1
./target/debug/deps/bitwisr-2a506559e0a587c9.d:1: MAJOR:C-O1
./target/debug/deps/bitwisr-31d2695393194c78.d:1: MAJOR:C-O1
./target/debug/deps/bitwisr-6764718110095c18.d:1: MAJOR:C-O1
./target/debug/deps/bitwisr-6e93982df90fa65c.d:1: MAJOR:C-O1
./target/debug/deps/bitwisr-847e6653eb166708.d:1: MAJOR:C-O1
./target/debug/deps/bitwisr-8a0639be1c9c4d7b.d:1: MAJOR:C-O1
./target/debug/deps/bitwisr-cb8029b1b7845329.d:1: MAJOR:C-O1
./target/debug/deps/bitwisr-df8110b462603db7.d:1: MAJOR:C-O1
./target/debug/deps/cfg_if-1f729f5e33c1d67a.d:1: MAJOR:C-O1
./target/debug/deps/cfg_if-3f3c22b8a52d862a.d:1: MAJOR:C-O1
./target/debug/deps/cfg_if-42ebd2ca238089ce.d:1: MAJOR:C-O1
./target/debug/deps/cfg_if-48fd33afc2920345.d:1: MAJOR:C-O1
./target/debug/deps/cfg_if-aaf121609e4fe3a6.d:1: MAJOR:C-O1
./target/debug/deps/cfg_if-bfdb754873abec96.d:1: MAJOR:C-O1
./target/debug/deps/cfg_if-cfeb15f97c60369f.d:1: MAJOR:C-O1
./target/debug/deps/cfg_if-ea153fb3d501f5e0.d:1: MAJOR:C-O1
./target/debug/deps/cfg_if-f08ce71709a31f5f.d:1: MAJOR:C-O1
./target/debug/deps/cfg_if-f0f1a1b70b5e010a.d:1: MAJOR:C-O1
./target/debug/deps/dirs-17376cbb77af83f0.d:1: MAJOR:C-O1
./target/debug/deps/dirs-32dbe0bfc94adc5a.d:1: MAJOR:C-O1
./target/debug/deps/dirs-7b69440fb3268268.d:1: MAJOR:C-O1
./target/debug/deps/dirs-9bde03a544b18caf.d:1: MAJOR:C-O1
./target/debug/deps/dirs-f3a745c68a9ab462.d:1: MAJOR:C-O1
./target/debug/deps/dirs_sys-1e4b46e71fc8fe7e.d:1: MAJOR:C-O1
./target/debug/deps/dirs_sys-4a8a7314f14c9d47.d:1: MAJOR:C-O1
./target/debug/deps/dirs_sys-7c38897e7180ff82.d:1: MAJOR:C-O1
./target/debug/deps/dirs_sys-be8157fdde28009c.d:1: MAJOR:C-O1
./target/debug/deps/dirs_sys-c0637eab083bca5b.d:1: MAJOR:C-O1
./target/debug/deps/env_logger-7a707a6ccdcfc8b8.d:1: MAJOR:C-O1
./target/debug/deps/env_logger-92c198850de99fd3.d:1: MAJOR:C-O1
./target/debug/deps/env_logger-a51f8d6a982ce473.d:1: MAJOR:C-O1
./target/debug/deps/env_logger-df9b55f85ed0b1cb.d:1: MAJOR:C-O1
./target/debug/deps/env_logger-ed461df7cd73aa7c.d:1: MAJOR:C-O1
./target/debug/deps/humantime-2fab56f847f15242.d:1: MAJOR:C-O1
./target/debug/deps/humantime-58398fe96af3ea6b.d:1: MAJOR:C-O1
./target/debug/deps/humantime-80ca49b4da4b0b10.d:1: MAJOR:C-O1
./target/debug/deps/humantime-d927736ce9bb6cdc.d:1: MAJOR:C-O1
./target/debug/deps/humantime-ef81bc070183feaf.d:1: MAJOR:C-O1
./target/debug/deps/lazy_static-2c96f8bbbf4213b0.d:1: MAJOR:C-O1
./target/debug/deps/lazy_static-735acc1d0fa390e5.d:1: MAJOR:C-O1
./target/debug/deps/lazy_static-a60e4357db6f649e.d:1: MAJOR:C-O1
./target/debug/deps/lazy_static-b5a8c95fdbc048e7.d:1: MAJOR:C-O1
./target/debug/deps/lazy_static-bc714e1d3dcb41c5.d:1: MAJOR:C-O1
./target/debug/deps/libc-119edd5f5b6ae54f.d:1: MAJOR:C-O1
./target/debug/deps/libc-75049ec03a899ca3.d:1: MAJOR:C-O1
./target/debug/deps/libc-b92eb6a4eba4a48a.d:1: MAJOR:C-O1
./target/debug/deps/libc-b96a3de166aa9b4b.d:1: MAJOR:C-O1
./target/debug/deps/libc-dc7cee656107b8df.d:1: MAJOR:C-O1
./target/debug/deps/log-0ba2a591d0eafcd4.d:1: MAJOR:C-O1
./target/debug/deps/log-394d0b626616b8fb.d:1: MAJOR:C-O1
./target/debug/deps/log-3a9ee2beea832456.d:1: MAJOR:C-O1
./target/debug/deps/log-6803d4e3d28c49af.d:1: MAJOR:C-O1
./target/debug/deps/log-ddf0dea356456f3c.d:1: MAJOR:C-O1
./target/debug/deps/memchr-17fe6130329ac9ea.d:1: MAJOR:C-O1
./target/debug/deps/memchr-30448f0110a5e869.d:1: MAJOR:C-O1
./target/debug/deps/memchr-b2b3e4150d340718.d:1: MAJOR:C-O1
./target/debug/deps/memchr-b97ab3f7113b0aab.d:1: MAJOR:C-O1
./target/debug/deps/memchr-f6920aaed3587b1c.d:1: MAJOR:C-O1
./target/debug/deps/nix-15ab7c80ab2d7911.d:1: MAJOR:C-O1
./target/debug/deps/nix-433a08b4e8fd070a.d:1: MAJOR:C-O1
./target/debug/deps/nix-44140eb122b3dfe5.d:1: MAJOR:C-O1
./target/debug/deps/nix-af4cd8dcb500f89f.d:1: MAJOR:C-O1
./target/debug/deps/nix-cd6c5b2128f7c6aa.d:1: MAJOR:C-O1
./target/debug/deps/num_traits-073afa3b42180019.d:1: MAJOR:C-O1
./target/debug/deps/num_traits-20203d95d65f6fe0.d:1: MAJOR:C-O1
./target/debug/deps/num_traits-312fbf83cee75dc0.d:1: MAJOR:C-O1
./target/debug/deps/num_traits-7fe6244bfbcdfa88.d:1: MAJOR:C-O1
./target/debug/deps/num_traits-832f733fc308c3c0.d:1: MAJOR:C-O1
./target/debug/deps/operations_tests-91b53420f0e290c8.d:1: MAJOR:C-O1
./target/debug/deps/operations_tests-c48811e6639b9acf.d:1: MAJOR:C-O1
./target/debug/deps/operations_tests-cd0b76e4cdcdba6f.d:1: MAJOR:C-O1
./target/debug/deps/operations_tests-ceef44c05078e2b6.d:1: MAJOR:C-O1
./target/debug/deps/operations_tests-f1b8966b08aae6a6.d:1: MAJOR:C-O1
./target/debug/deps/regex-086e8da0f457f500.d:1: MAJOR:C-O1
./target/debug/deps/regex-118072704f70d4af.d:1: MAJOR:C-O1
./target/debug/deps/regex-948f49d2715205ac.d:1: MAJOR:C-O1
./target/debug/deps/regex-e1c971f43aa488b4.d:1: MAJOR:C-O1
./target/debug/deps/regex-eb8bbe53aaed8c31.d:1: MAJOR:C-O1
./target/debug/deps/regex_syntax-052940e8c7c8f40a.d:1: MAJOR:C-O1
./target/debug/deps/regex_syntax-70e19da64705acae.d:1: MAJOR:C-O1
./target/debug/deps/regex_syntax-828d2b3b4b258229.d:1: MAJOR:C-O1
./target/debug/deps/regex_syntax-bdfb6c2d21abd97f.d:1: MAJOR:C-O1
./target/debug/deps/regex_syntax-fdbdc4d2937bcb95.d:1: MAJOR:C-O1
./target/debug/deps/term-042691db0b6783c0.d:1: MAJOR:C-O1
./target/debug/deps/term-5d3a8021fc4d0d12.d:1: MAJOR:C-O1
./target/debug/deps/term-951e421546bfa84e.d:1: MAJOR:C-O1
./target/debug/deps/term-b9039f19b54e4f41.d:1: MAJOR:C-O1
./target/debug/deps/term-d08b5087ea1ffd0b.d:1: MAJOR:C-O1
./target/debug/deps/termcolor-272b212b63f3c614.d:1: MAJOR:C-O1
./target/debug/deps/termcolor-5a77221262f8ef4c.d:1: MAJOR:C-O1
./target/debug/deps/termcolor-5ca318112c3625e0.d:1: MAJOR:C-O1
./target/debug/deps/termcolor-c24d0b6e094d9e09.d:1: MAJOR:C-O1
./target/debug/deps/termcolor-fe6dc917e0522d48.d:1: MAJOR:C-O1
./target/debug/deps/tuikit-0ecfcf4f9204a21a.d:1: MAJOR:C-O1
./target/debug/deps/tuikit-11b021d8a5a84037.d:1: MAJOR:C-O1
./target/debug/deps/tuikit-3f6aed9bc9c31b33.d:1: MAJOR:C-O1
./target/debug/deps/tuikit-509b70043140f547.d:1: MAJOR:C-O1
./target/debug/deps/tuikit-edc0df0a9973ab76.d:1: MAJOR:C-O1
./target/debug/deps/unicode_width-19f291f905c990b5.d:1: MAJOR:C-O1
./target/debug/deps/unicode_width-2027c164f6e2c4e1.d:1: MAJOR:C-O1
./target/debug/deps/unicode_width-a8f5214932e6ba9e.d:1: MAJOR:C-O1
./target/debug/deps/unicode_width-bc2c7137423dda01.d:1: MAJOR:C-O1
./target/debug/deps/unicode_width-ddda76d107cd816c.d:1: MAJOR:C-O1
./target/debug/deps/void-33d7a603386e047f.d:1: MAJOR:C-O1
./target/debug/deps/void-5d255f680eb097ad.d:1: MAJOR:C-O1
./target/debug/deps/void-6dcd5c1703ab0aa0.d:1: MAJOR:C-O1
./target/debug/deps/void-9345805c4458a405.d:1: MAJOR:C-O1
./target/debug/deps/void-da04258fd5001327.d:1: MAJOR:C-O1
./target/debug/incremental/bitwisr-1gidwe3nmavol/s-ghwctnwje9-18mmajm-2tjbwno9gvzgr/118vldjl17bieh7o.o:1: MAJOR:C-O1
./target/debug/incremental/bitwisr-1gidwe3nmavol/s-ghwctnwje9-18mmajm-2tjbwno9gvzgr/12kr8z95sjhagll.o:1: MAJOR:C-O1
./target/debug/incremental/bitwisr-1gidwe3nmavol/s-ghwctnwje9-18mmajm-2tjbwno9gvzgr/16npsxlgsk4fi1f0.o:1: MAJOR:C-O1
./target/debug/incremental/bitwisr-1gidwe3nmavol/s-ghwctnwje9-18mmajm-2tjbwno9gvzgr/184smemc2r6pohw3.o:1: MAJOR:C-O1
./target/debug/incremental/bitwisr-1gidwe3nmavol/s-ghwctnwje9-18mmajm-2tjbwno9gvzgr/187miapvz084s1kb.o:1: MAJOR:C-O1
./target/debug/incremental/bitwisr-1gidwe3nmavol/s-ghwctnwje9-18mmajm-2tjbwno9gvzgr/18hqhzc6ivaoa2zj.o:1: MAJOR:C-O1
./target/debug/incremental/bitwisr-1gidwe3nmavol/s-ghwctnwje9-18mmajm-2tjbwno9gvzgr/1alkoa72ol5p68v2.o:1: MAJOR:C-O1
./target/debug/incremental/bitwisr-1gidwe3nmavol/s-ghwctnwje9-18mmajm-2tjbwno9gvzgr/1bg3kc9kc716rg43.o:1: MAJOR:C-O1
./target/debug/incremental/bitwisr-1gidwe3nmavol/s-ghwctnwje9-18mmajm-2tjbwno9gvzgr/1bqt2cicank5zxad.o:1: MAJOR:C-O1
./target/debug/incremental/bitwisr-1gidwe3nmavol/s-ghwctnwje9-18mmajm-2tjbwno9gvzgr/1l1ec0awr2oxekxw.o:1: MAJOR:C-O1
./target/debug/incremental/bitwisr-1gidwe3nmavol/s-ghwctnwje9-18mmajm-2tjbwno9gvzgr/1l993zgr8a9x9elo.o:1: MAJOR:C-O1
./target/debug/incremental/bitwisr-1gidwe3nmavol/s-ghwctnwje9-18mmajm-2tjbwno9gvzgr/1oevwing65b44lvj.o:1: MAJOR:C-O1
./target/debug/incremental/bitwisr-1gidwe3nmavol/s-ghwctnwje9-18mmajm-2tjbwno9gvzgr/1pzxpox2so5v6gq7.o:1: MAJOR:C-O1
./target/debug/incremental/bitwisr-1gidwe3nmavol/s-ghwctnwje9-18mmajm-2tjbwno9gvzgr/1q9wgww7voa9gnt1.o:1: MAJOR:C-O1
./target/debug/incremental/bitwisr-1gidwe3nmavol/s-ghwctnwje9-18mmajm-2tjbwno9gvzgr/1qwk4y62wam5ckh.o:1: MAJOR:C-O1
./target/debug/incremental/bitwisr-1gidwe3nmavol/s-ghwctnwje9-18mmajm-2tjbwno9gvzgr/1ronaqabl31c5w0e.o:1: MAJOR:C-O1
./target/debug/incremental/bitwisr-1gidwe3nmavol/s-ghwctnwje9-18mmajm-2tjbwno9gvzgr/1ty0uk0d07s0jwlk.o:1: MAJOR:C-O1
./target/debug/incremental/bitwisr-1gidwe3nmavol/s-ghwctnwje9-18mmajm-2tjbwno9gvzgr/1uz1520d8d49eydm.o:1: MAJOR:C-O1
./target/debug/incremental/bitwisr-1gidwe3nmavol/s-ghwctnwje9-18mmajm-2tjbwno9gvzgr/1xttv4a9f30od2vb.o:1: MAJOR:C-O1
./target/debug/incremental/bitwisr-1gidwe3nmavol/s-ghwctnwje9-18mmajm-2tjbwno9gvzgr/21ruu9fqugjc69ec.o:1: MAJOR:C-O1
./target/debug/incremental/bitwisr-1gidwe3nmavol/s-ghwctnwje9-18mmajm-2tjbwno9gvzgr/220mc5v9ldbugt69.o:1: MAJOR:C-O1
./target/debug/incremental/bitwisr-1gidwe3nmavol/s-ghwctnwje9-18mmajm-2tjbwno9gvzgr/23j62th68ixr5ou9.o:1: MAJOR:C-O1
./target/debug/incremental/bitwisr-1gidwe3nmavol/s-ghwctnwje9-18mmajm-2tjbwno9gvzgr/24jbod53ppgvxh8y.o:1: MAJOR:C-O1
./target/debug/incremental/bitwisr-1gidwe3nmavol/s-ghwctnwje9-18mmajm-2tjbwno9gvzgr/25km11pp99fu6sgo.o:1: MAJOR:C-O1
./target/debug/incremental/bitwisr-1gidwe3nmavol/s-ghwctnwje9-18mmajm-2tjbwno9gvzgr/26xfh1fmm1boppmn.o:1: MAJOR:C-O1
./target/debug/incremental/bitwisr-1gidwe3nmavol/s-ghwctnwje9-18mmajm-2tjbwno9gvzgr/29km7kxg1auklcxm.o:1: MAJOR:C-O1
./target/debug/incremental/bitwisr-1gidwe3nmavol/s-ghwctnwje9-18mmajm-2tjbwno9gvzgr/2bp3sl7xf8fb7qdy.o:1: MAJOR:C-O1
./target/debug/incremental/bitwisr-1gidwe3nmavol/s-ghwctnwje9-18mmajm-2tjbwno9gvzgr/2cjkt8g7yzmva83r.o:1: MAJOR:C-O1
./target/debug/incremental/bitwisr-1gidwe3nmavol/s-ghwctnwje9-18mmajm-2tjbwno9gvzgr/2fcc1ykwdwvgpfd0.o:1: MAJOR:C-O1
./target/debug/incremental/bitwisr-1gidwe3nmavol/s-ghwctnwje9-18mmajm-2tjbwno9gvzgr/2j9lcnts5uh78h6a.o:1: MAJOR:C-O1
./target/debug/incremental/bitwisr-1gidwe3nmavol/s-ghwctnwje9-18mmajm-2tjbwno9gvzgr/2m0zwsqis00l1xdb.o:1: MAJOR:C-O1
./target/debug/incremental/bitwisr-1gidwe3nmavol/s-ghwctnwje9-18mmajm-2tjbwno9gvzgr/2nqtyzbxzmwp6i9t.o:1: MAJOR:C-O1
./target/debug/incremental/bitwisr-1gidwe3nmavol/s-ghwctnwje9-18mmajm-2tjbwno9gvzgr/2o83sy04pfzmaxq6.o:1: MAJOR:C-O1
./target/debug/incremental/bitwisr-1gidwe3nmavol/s-ghwctnwje9-18mmajm-2tjbwno9gvzgr/2qa5928d5c0ssnyp.o:1: MAJOR:C-O1
./target/debug/incremental/bitwisr-1gidwe3nmavol/s-ghwctnwje9-18mmajm-2tjbwno9gvzgr/2qtoj2f2gfrrag1m.o:1: MAJOR:C-O1
./target/debug/incremental/bitwisr-1gidwe3nmavol/s-ghwctnwje9-18mmajm-2tjbwno9gvzgr/2sd83b9kplpyj3tj.o:1: MAJOR:C-O1
./target/debug/incremental/bitwisr-1gidwe3nmavol/s-ghwctnwje9-18mmajm-2tjbwno9gvzgr/2tb4aba0u3jn0k3j.o:1: MAJOR:C-O1
./target/debug/incremental/bitwisr-1gidwe3nmavol/s-ghwctnwje9-18mmajm-2tjbwno9gvzgr/2tfq1xa3m8aw7s09.o:1: MAJOR:C-O1
./target/debug/incremental/bitwisr-1gidwe3nmavol/s-ghwctnwje9-18mmajm-2tjbwno9gvzgr/2u4dv0mlw9ukebb2.o:1: MAJOR:C-O1
./target/debug/incremental/bitwisr-1gidwe3nmavol/s-ghwctnwje9-18mmajm-2tjbwno9gvzgr/2wk9hjhciqucpwx4.o:1: MAJOR:C-O1
./target/debug/incremental/bitwisr-1gidwe3nmavol/s-ghwctnwje9-18mmajm-2tjbwno9gvzgr/2xf0bm1iok8eah73.o:1: MAJOR:C-O1
./target/debug/incremental/bitwisr-1gidwe3nmavol/s-ghwctnwje9-18mmajm-2tjbwno9gvzgr/2xxw1zant70tabom.o:1: MAJOR:C-O1
./target/debug/incremental/bitwisr-1gidwe3nmavol/s-ghwctnwje9-18mmajm-2tjbwno9gvzgr/2ylbwuxjwzn7c485.o:1: MAJOR:C-O1
./target/debug/incremental/bitwisr-1gidwe3nmavol/s-ghwctnwje9-18mmajm-2tjbwno9gvzgr/335b2073mbs1rthy.o:1: MAJOR:C-O1
./target/debug/incremental/bitwisr-1gidwe3nmavol/s-ghwctnwje9-18mmajm-2tjbwno9gvzgr/3388zu9oy5u45u1l.o:1: MAJOR:C-O1
./target/debug/incremental/bitwisr-1gidwe3nmavol/s-ghwctnwje9-18mmajm-2tjbwno9gvzgr/352if4u9oa6w54i8.o:1: MAJOR:C-O1
./target/debug/incremental/bitwisr-1gidwe3nmavol/s-ghwctnwje9-18mmajm-2tjbwno9gvzgr/387osc6btoglh6x6.o:1: MAJOR:C-O1
./target/debug/incremental/bitwisr-1gidwe3nmavol/s-ghwctnwje9-18mmajm-2tjbwno9gvzgr/38qkb6cozn7xzppl.o:1: MAJOR:C-O1
./target/debug/incremental/bitwisr-1gidwe3nmavol/s-ghwctnwje9-18mmajm-2tjbwno9gvzgr/3904n5b1s7t565gh.o:1: MAJOR:C-O1
./target/debug/incremental/bitwisr-1gidwe3nmavol/s-ghwctnwje9-18mmajm-2tjbwno9gvzgr/3a5redfihstt8ewo.o:1: MAJOR:C-O1
./target/debug/incremental/bitwisr-1gidwe3nmavol/s-ghwctnwje9-18mmajm-2tjbwno9gvzgr/3d152nf95yjvzqf2.o:1: MAJOR:C-O1
./target/debug/incremental/bitwisr-1gidwe3nmavol/s-ghwctnwje9-18mmajm-2tjbwno9gvzgr/3daj347nv42a341x.o:1: MAJOR:C-O1
./target/debug/incremental/bitwisr-1gidwe3nmavol/s-ghwctnwje9-18mmajm-2tjbwno9gvzgr/3dgucdlxb9tlz6e6.o:1: MAJOR:C-O1
./target/debug/incremental/bitwisr-1gidwe3nmavol/s-ghwctnwje9-18mmajm-2tjbwno9gvzgr/3fk6rbaz7hsf31cp.o:1: MAJOR:C-O1
./target/debug/incremental/bitwisr-1gidwe3nmavol/s-ghwctnwje9-18mmajm-2tjbwno9gvzgr/3iu2ng7yp6vg20fr.o:1: MAJOR:C-O1
./target/debug/incremental/bitwisr-1gidwe3nmavol/s-ghwctnwje9-18mmajm-2tjbwno9gvzgr/3l6c6uaz6qchhd6m.o:1: MAJOR:C-O1
./target/debug/incremental/bitwisr-1gidwe3nmavol/s-ghwctnwje9-18mmajm-2tjbwno9gvzgr/3p9nhn7bjgkadfwn.o:1: MAJOR:C-O1
./target/debug/incremental/bitwisr-1gidwe3nmavol/s-ghwctnwje9-18mmajm-2tjbwno9gvzgr/3pbdqa0jyb41sht1.o:1: MAJOR:C-O1
./target/debug/incremental/bitwisr-1gidwe3nmavol/s-ghwctnwje9-18mmajm-2tjbwno9gvzgr/3pewj6yfj2oabluy.o:1: MAJOR:C-O1
./target/debug/incremental/bitwisr-1gidwe3nmavol/s-ghwctnwje9-18mmajm-2tjbwno9gvzgr/3qptqkp00gltow63.o:1: MAJOR:C-O1
./target/debug/incremental/bitwisr-1gidwe3nmavol/s-ghwctnwje9-18mmajm-2tjbwno9gvzgr/3qs9t2l1rixqv2yh.o:1: MAJOR:C-O1
./target/debug/incremental/bitwisr-1gidwe3nmavol/s-ghwctnwje9-18mmajm-2tjbwno9gvzgr/3spodp1w8wsueocy.o:1: MAJOR:C-O1
./target/debug/incremental/bitwisr-1gidwe3nmavol/s-ghwctnwje9-18mmajm-2tjbwno9gvzgr/3tm5ner7wmw8afsj.o:1: MAJOR:C-O1
./target/debug/incremental/bitwisr-1gidwe3nmavol/s-ghwctnwje9-18mmajm-2tjbwno9gvzgr/3u1yeesj7e6tig4i.o:1: MAJOR:C-O1
./target/debug/incremental/bitwisr-1gidwe3nmavol/s-ghwctnwje9-18mmajm-2tjbwno9gvzgr/3uz3iz2d2gdskajj.o:1: MAJOR:C-O1
./target/debug/incremental/bitwisr-1gidwe3nmavol/s-ghwctnwje9-18mmajm-2tjbwno9gvzgr/3v1px4nmjx4mbbtx.o:1: MAJOR:C-O1
./target/debug/incremental/bitwisr-1gidwe3nmavol/s-ghwctnwje9-18mmajm-2tjbwno9gvzgr/40vyzfejeqhmg0cx.o:1: MAJOR:C-O1
./target/debug/incremental/bitwisr-1gidwe3nmavol/s-ghwctnwje9-18mmajm-2tjbwno9gvzgr/42ngpu249bdjm25h.o:1: MAJOR:C-O1
./target/debug/incremental/bitwisr-1gidwe3nmavol/s-ghwctnwje9-18mmajm-2tjbwno9gvzgr/46ez2rurymuc7qqs.o:1: MAJOR:C-O1
./target/debug/incremental/bitwisr-1gidwe3nmavol/s-ghwctnwje9-18mmajm-2tjbwno9gvzgr/46nmm9tbkrfymfi6.o:1: MAJOR:C-O1
./target/debug/incremental/bitwisr-1gidwe3nmavol/s-ghwctnwje9-18mmajm-2tjbwno9gvzgr/4dekwa2wuz0vtkxa.o:1: MAJOR:C-O1
./target/debug/incremental/bitwisr-1gidwe3nmavol/s-ghwctnwje9-18mmajm-2tjbwno9gvzgr/4dkykw0n7zz59hk7.o:1: MAJOR:C-O1
./target/debug/incremental/bitwisr-1gidwe3nmavol/s-ghwctnwje9-18mmajm-2tjbwno9gvzgr/4ewxj089a18hu5g5.o:1: MAJOR:C-O1
./target/debug/incremental/bitwisr-1gidwe3nmavol/s-ghwctnwje9-18mmajm-2tjbwno9gvzgr/4fcskejt7hemrkow.o:1: MAJOR:C-O1
./target/debug/incremental/bitwisr-1gidwe3nmavol/s-ghwctnwje9-18mmajm-2tjbwno9gvzgr/4l8s5al8zjv4tc36.o:1: MAJOR:C-O1
./target/debug/incremental/bitwisr-1gidwe3nmavol/s-ghwctnwje9-18mmajm-2tjbwno9gvzgr/4lh9k12qg2vo15xl.o:1: MAJOR:C-O1
./target/debug/incremental/bitwisr-1gidwe3nmavol/s-ghwctnwje9-18mmajm-2tjbwno9gvzgr/4lux551ne4m03d1f.o:1: MAJOR:C-O1
./target/debug/incremental/bitwisr-1gidwe3nmavol/s-ghwctnwje9-18mmajm-2tjbwno9gvzgr/4mk0iz2xsjcv0uye.o:1: MAJOR:C-O1
./target/debug/incremental/bitwisr-1gidwe3nmavol/s-ghwctnwje9-18mmajm-2tjbwno9gvzgr/4mzvqf7vxjfhiwh0.o:1: MAJOR:C-O1
./target/debug/incremental/bitwisr-1gidwe3nmavol/s-ghwctnwje9-18mmajm-2tjbwno9gvzgr/4n27h5oqxdoalmff.o:1: MAJOR:C-O1
./target/debug/incremental/bitwisr-1gidwe3nmavol/s-ghwctnwje9-18mmajm-2tjbwno9gvzgr/4ng9vtpmrdp8bhoe.o:1: MAJOR:C-O1
./target/debug/incremental/bitwisr-1gidwe3nmavol/s-ghwctnwje9-18mmajm-2tjbwno9gvzgr/4o9vmmi2k4hjoh7f.o:1: MAJOR:C-O1
./target/debug/incremental/bitwisr-1gidwe3nmavol/s-ghwctnwje9-18mmajm-2tjbwno9gvzgr/4pgyfj81wi12dd3g.o:1: MAJOR:C-O1
./target/debug/incremental/bitwisr-1gidwe3nmavol/s-ghwctnwje9-18mmajm-2tjbwno9gvzgr/4pmpvec9847cnlk8.o:1: MAJOR:C-O1
./target/debug/incremental/bitwisr-1gidwe3nmavol/s-ghwctnwje9-18mmajm-2tjbwno9gvzgr/4u2gk3hfix10tcyo.o:1: MAJOR:C-O1
./target/debug/incremental/bitwisr-1gidwe3nmavol/s-ghwctnwje9-18mmajm-2tjbwno9gvzgr/4utn6hzal5hjckve.o:1: MAJOR:C-O1
./target/debug/incremental/bitwisr-1gidwe3nmavol/s-ghwctnwje9-18mmajm-2tjbwno9gvzgr/4xeedqn9p6mzpfri.o:1: MAJOR:C-O1
./target/debug/incremental/bitwisr-1gidwe3nmavol/s-ghwctnwje9-18mmajm-2tjbwno9gvzgr/51jhvjphu414xojx.o:1: MAJOR:C-O1
./target/debug/incremental/bitwisr-1gidwe3nmavol/s-ghwctnwje9-18mmajm-2tjbwno9gvzgr/53c8icva0i8fy3tv.o:1: MAJOR:C-O1
./target/debug/incremental/bitwisr-1gidwe3nmavol/s-ghwctnwje9-18mmajm-2tjbwno9gvzgr/56no5s1fc4rsgdxp.o:1: MAJOR:C-O1
./target/debug/incremental/bitwisr-1gidwe3nmavol/s-ghwctnwje9-18mmajm-2tjbwno9gvzgr/57kqwlmid8rlmvtt.o:1: MAJOR:C-O1
./target/debug/incremental/bitwisr-1gidwe3nmavol/s-ghwctnwje9-18mmajm-2tjbwno9gvzgr/5avvonpmfngzhg8w.o:1: MAJOR:C-O1
./target/debug/incremental/bitwisr-1gidwe3nmavol/s-ghwctnwje9-18mmajm-2tjbwno9gvzgr/5dxswhi6t80by4g6.o:1: MAJOR:C-O1
./target/debug/incremental/bitwisr-1gidwe3nmavol/s-ghwctnwje9-18mmajm-2tjbwno9gvzgr/5ex0hh1vmru44awz.o:1: MAJOR:C-O1
./target/debug/incremental/bitwisr-1gidwe3nmavol/s-ghwctnwje9-18mmajm-2tjbwno9gvzgr/5f4oz9mh14brsuwg.o:1: MAJOR:C-O1
./target/debug/incremental/bitwisr-1gidwe3nmavol/s-ghwctnwje9-18mmajm-2tjbwno9gvzgr/5fzsvz19p71dfxr2.o:1: MAJOR:C-O1
./target/debug/incremental/bitwisr-1gidwe3nmavol/s-ghwctnwje9-18mmajm-2tjbwno9gvzgr/5g45lilvcc98pwo9.o:1: MAJOR:C-O1
./target/debug/incremental/bitwisr-1gidwe3nmavol/s-ghwctnwje9-18mmajm-2tjbwno9gvzgr/5wl5uvh3ip6r5rg.o:1: MAJOR:C-O1
./target/debug/incremental/bitwisr-1gidwe3nmavol/s-ghwctnwje9-18mmajm-2tjbwno9gvzgr/77dvh58uencbntl.o:1: MAJOR:C-O1
./target/debug/incremental/bitwisr-1gidwe3nmavol/s-ghwctnwje9-18mmajm-2tjbwno9gvzgr/8hp4cab6eh4ioez.o:1: MAJOR:C-O1
./target/debug/incremental/bitwisr-1gidwe3nmavol/s-ghwctnwje9-18mmajm-2tjbwno9gvzgr/cewluhw1bfr396v.o:1: MAJOR:C-O1
./target/debug/incremental/bitwisr-1gidwe3nmavol/s-ghwctnwje9-18mmajm-2tjbwno9gvzgr/cjj6uhin0plri8v.o:1: MAJOR:C-O1
./target/debug/incremental/bitwisr-1gidwe3nmavol/s-ghwctnwje9-18mmajm-2tjbwno9gvzgr/e0okie79bsjhee0.o:1: MAJOR:C-O1
./target/debug/incremental/bitwisr-1gidwe3nmavol/s-ghwctnwje9-18mmajm-2tjbwno9gvzgr/ef98zvilayxx4ju.o:1: MAJOR:C-O1
./target/debug/incremental/bitwisr-1gidwe3nmavol/s-ghwctnwje9-18mmajm-2tjbwno9gvzgr/glba5otsvymfhzh.o:1: MAJOR:C-O1
./target/debug/incremental/bitwisr-1gidwe3nmavol/s-ghwctnwje9-18mmajm-2tjbwno9gvzgr/jo7ezag338a49ew.o:1: MAJOR:C-O1
./target/debug/incremental/bitwisr-1gidwe3nmavol/s-ghwctnwje9-18mmajm-2tjbwno9gvzgr/ke24ia0chdpz6eg.o:1: MAJOR:C-O1
./target/debug/incremental/bitwisr-1gidwe3nmavol/s-ghwctnwje9-18mmajm-2tjbwno9gvzgr/l68tgj7mpzb8b9l.o:1: MAJOR:C-O1
./target/debug/incremental/bitwisr-1gidwe3nmavol/s-ghwctnwje9-18mmajm-2tjbwno9gvzgr/mbo6c95gh8cayev.o:1: MAJOR:C-O1
./target/debug/incremental/bitwisr-1gidwe3nmavol/s-ghwctnwje9-18mmajm-2tjbwno9gvzgr/q57rgzzdy9z36p4.o:1: MAJOR:C-O1
./target/debug/incremental/bitwisr-1gidwe3nmavol/s-ghwctnwje9-18mmajm-2tjbwno9gvzgr/tnbq176edimhv7f.o:1: MAJOR:C-O1
./target/debug/incremental/bitwisr-1gidwe3nmavol/s-ghwctnwje9-18mmajm-2tjbwno9gvzgr/tul2eoqumtyjrkw.o:1: MAJOR:C-O1
./target/debug/incremental/bitwisr-1gidwe3nmavol/s-ghwctnwje9-18mmajm-2tjbwno9gvzgr/u4agszj62rh8yvh.o:1: MAJOR:C-O1
./target/debug/incremental/bitwisr-1gidwe3nmavol/s-ghwctnwje9-18mmajm-2tjbwno9gvzgr/yo7bok1bjsipel1.o:1: MAJOR:C-O1
./target/debug/incremental/bitwisr-1rvsne359h8sc/s-gf71qoom28-1o7miqa-3v9i4ruup3ol6/104zy54he8trq5iv.o:1: MAJOR:C-O1
./target/debug/incremental/bitwisr-1rvsne359h8sc/s-gf71qoom28-1o7miqa-3v9i4ruup3ol6/11hlgezrjcnwp2t8.o:1: MAJOR:C-O1
./target/debug/incremental/bitwisr-1rvsne359h8sc/s-gf71qoom28-1o7miqa-3v9i4ruup3ol6/1891jd79cvq4yka5.o:1: MAJOR:C-O1
./target/debug/incremental/bitwisr-1rvsne359h8sc/s-gf71qoom28-1o7miqa-3v9i4ruup3ol6/19almjfhasr2t57k.o:1: MAJOR:C-O1
./target/debug/incremental/bitwisr-1rvsne359h8sc/s-gf71qoom28-1o7miqa-3v9i4ruup3ol6/1abjog5ts5ryycj0.o:1: MAJOR:C-O1
./target/debug/incremental/bitwisr-1rvsne359h8sc/s-gf71qoom28-1o7miqa-3v9i4ruup3ol6/1d66418bdrog5484.o:1: MAJOR:C-O1
./target/debug/incremental/bitwisr-1rvsne359h8sc/s-gf71qoom28-1o7miqa-3v9i4ruup3ol6/1eadm3m7hlg2zyv7.o:1: MAJOR:C-O1
./target/debug/incremental/bitwisr-1rvsne359h8sc/s-gf71qoom28-1o7miqa-3v9i4ruup3ol6/1fjngslb0vsru0at.o:1: MAJOR:C-O1
./target/debug/incremental/bitwisr-1rvsne359h8sc/s-gf71qoom28-1o7miqa-3v9i4ruup3ol6/1hwjimkulyytn0zi.o:1: MAJOR:C-O1
./target/debug/incremental/bitwisr-1rvsne359h8sc/s-gf71qoom28-1o7miqa-3v9i4ruup3ol6/1i5z14c5goi42yts.o:1: MAJOR:C-O1
./target/debug/incremental/bitwisr-1rvsne359h8sc/s-gf71qoom28-1o7miqa-3v9i4ruup3ol6/1ik3f54sznmyhlkf.o:1: MAJOR:C-O1
./target/debug/incremental/bitwisr-1rvsne359h8sc/s-gf71qoom28-1o7miqa-3v9i4ruup3ol6/1mpm630z41e7flzt.o:1: MAJOR:C-O1
./target/debug/incremental/bitwisr-1rvsne359h8sc/s-gf71qoom28-1o7miqa-3v9i4ruup3ol6/1qn4haxgj13q2i6p.o:1: MAJOR:C-O1
./target/debug/incremental/bitwisr-1rvsne359h8sc/s-gf71qoom28-1o7miqa-3v9i4ruup3ol6/1rng65pcjhalwc5j.o:1: MAJOR:C-O1
./target/debug/incremental/bitwisr-1rvsne359h8sc/s-gf71qoom28-1o7miqa-3v9i4ruup3ol6/1us68g6o9ci3xp1x.o:1: MAJOR:C-O1
./target/debug/incremental/bitwisr-1rvsne359h8sc/s-gf71qoom28-1o7miqa-3v9i4ruup3ol6/1xo5hzwol0o1lehl.o:1: MAJOR:C-O1
./target/debug/incremental/bitwisr-1rvsne359h8sc/s-gf71qoom28-1o7miqa-3v9i4ruup3ol6/204jofmhjifrfzs.o:1: MAJOR:C-O1
./target/debug/incremental/bitwisr-1rvsne359h8sc/s-gf71qoom28-1o7miqa-3v9i4ruup3ol6/22nxjbl3fgsxz5sg.o:1: MAJOR:C-O1
./target/debug/incremental/bitwisr-1rvsne359h8sc/s-gf71qoom28-1o7miqa-3v9i4ruup3ol6/25sfqko7mbkk5miw.o:1: MAJOR:C-O1
./target/debug/incremental/bitwisr-1rvsne359h8sc/s-gf71qoom28-1o7miqa-3v9i4ruup3ol6/27910vaf2r7ycjgo.o:1: MAJOR:C-O1
./target/debug/incremental/bitwisr-1rvsne359h8sc/s-gf71qoom28-1o7miqa-3v9i4ruup3ol6/29b35c7o5kogwgmr.o:1: MAJOR:C-O1
./target/debug/incremental/bitwisr-1rvsne359h8sc/s-gf71qoom28-1o7miqa-3v9i4ruup3ol6/2bhccyy47lnehxn5.o:1: MAJOR:C-O1
./target/debug/incremental/bitwisr-1rvsne359h8sc/s-gf71qoom28-1o7miqa-3v9i4ruup3ol6/2gmochhx36j0umxf.o:1: MAJOR:C-O1
./target/debug/incremental/bitwisr-1rvsne359h8sc/s-gf71qoom28-1o7miqa-3v9i4ruup3ol6/2iqfuty4kk6ujeyi.o:1: MAJOR:C-O1
./target/debug/incremental/bitwisr-1rvsne359h8sc/s-gf71qoom28-1o7miqa-3v9i4ruup3ol6/2iu07528l2dlar4e.o:1: MAJOR:C-O1
./target/debug/incremental/bitwisr-1rvsne359h8sc/s-gf71qoom28-1o7miqa-3v9i4ruup3ol6/2jvwj28cdgaa76lt.o:1: MAJOR:C-O1
./target/debug/incremental/bitwisr-1rvsne359h8sc/s-gf71qoom28-1o7miqa-3v9i4ruup3ol6/2k5jail7nw2c4odx.o:1: MAJOR:C-O1
./target/debug/incremental/bitwisr-1rvsne359h8sc/s-gf71qoom28-1o7miqa-3v9i4ruup3ol6/2o7h8payshmeop7v.o:1: MAJOR:C-O1
./target/debug/incremental/bitwisr-1rvsne359h8sc/s-gf71qoom28-1o7miqa-3v9i4ruup3ol6/2odkn74oi43ct10w.o:1: MAJOR:C-O1
./target/debug/incremental/bitwisr-1rvsne359h8sc/s-gf71qoom28-1o7miqa-3v9i4ruup3ol6/2rd7f2nwak00b2r6.o:1: MAJOR:C-O1
./target/debug/incremental/bitwisr-1rvsne359h8sc/s-gf71qoom28-1o7miqa-3v9i4ruup3ol6/2re21wezegyruup9.o:1: MAJOR:C-O1
./target/debug/incremental/bitwisr-1rvsne359h8sc/s-gf71qoom28-1o7miqa-3v9i4ruup3ol6/2vwhjjg5gurk80x3.o:1: MAJOR:C-O1
./target/debug/incremental/bitwisr-1rvsne359h8sc/s-gf71qoom28-1o7miqa-3v9i4ruup3ol6/32orogc36l9upsp7.o:1: MAJOR:C-O1
./target/debug/incremental/bitwisr-1rvsne359h8sc/s-gf71qoom28-1o7miqa-3v9i4ruup3ol6/338k1hx0u7u7dj6z.o:1: MAJOR:C-O1
./target/debug/incremental/bitwisr-1rvsne359h8sc/s-gf71qoom28-1o7miqa-3v9i4ruup3ol6/37kbcuzbn23quhvh.o:1: MAJOR:C-O1
./target/debug/incremental/bitwisr-1rvsne359h8sc/s-gf71qoom28-1o7miqa-3v9i4ruup3ol6/39zuqyw84qlz1fv9.o:1: MAJOR:C-O1
./target/debug/incremental/bitwisr-1rvsne359h8sc/s-gf71qoom28-1o7miqa-3v9i4ruup3ol6/3akntkh8upbz20tj.o:1: MAJOR:C-O1
./target/debug/incremental/bitwisr-1rvsne359h8sc/s-gf71qoom28-1o7miqa-3v9i4ruup3ol6/3cej0dpuonjtqefo.o:1: MAJOR:C-O1
./target/debug/incremental/bitwisr-1rvsne359h8sc/s-gf71qoom28-1o7miqa-3v9i4ruup3ol6/3dssb9dhb8hpr6z4.o:1: MAJOR:C-O1
./target/debug/incremental/bitwisr-1rvsne359h8sc/s-gf71qoom28-1o7miqa-3v9i4ruup3ol6/3idygyvk0fw4flq0.o:1: MAJOR:C-O1
./target/debug/incremental/bitwisr-1rvsne359h8sc/s-gf71qoom28-1o7miqa-3v9i4ruup3ol6/3jigm9c9j864nd0u.o:1: MAJOR:C-O1
./target/debug/incremental/bitwisr-1rvsne359h8sc/s-gf71qoom28-1o7miqa-3v9i4ruup3ol6/3l041sd8ltnlkweo.o:1: MAJOR:C-O1
./target/debug/incremental/bitwisr-1rvsne359h8sc/s-gf71qoom28-1o7miqa-3v9i4ruup3ol6/3pnmc9yz7nhg757y.o:1: MAJOR:C-O1
./target/debug/incremental/bitwisr-1rvsne359h8sc/s-gf71qoom28-1o7miqa-3v9i4ruup3ol6/3r7fp2rpoav80btx.o:1: MAJOR:C-O1
./target/debug/incremental/bitwisr-1rvsne359h8sc/s-gf71qoom28-1o7miqa-3v9i4ruup3ol6/3vqb0agj41s9lwt7.o:1: MAJOR:C-O1
./target/debug/incremental/bitwisr-1rvsne359h8sc/s-gf71qoom28-1o7miqa-3v9i4ruup3ol6/3w9u4wclqyng61wd.o:1: MAJOR:C-O1
./target/debug/incremental/bitwisr-1rvsne359h8sc/s-gf71qoom28-1o7miqa-3v9i4ruup3ol6/3whf610uyv5546q5.o:1: MAJOR:C-O1
./target/debug/incremental/bitwisr-1rvsne359h8sc/s-gf71qoom28-1o7miqa-3v9i4ruup3ol6/3wu3qe5shyzdea1c.o:1: MAJOR:C-O1
./target/debug/incremental/bitwisr-1rvsne359h8sc/s-gf71qoom28-1o7miqa-3v9i4ruup3ol6/3xiju41q7tl3fssb.o:1: MAJOR:C-O1
./target/debug/incremental/bitwisr-1rvsne359h8sc/s-gf71qoom28-1o7miqa-3v9i4ruup3ol6/3z07n3cddcp3a8dg.o:1: MAJOR:C-O1
./target/debug/incremental/bitwisr-1rvsne359h8sc/s-gf71qoom28-1o7miqa-3v9i4ruup3ol6/3zm0e35kgszs43gl.o:1: MAJOR:C-O1
./target/debug/incremental/bitwisr-1rvsne359h8sc/s-gf71qoom28-1o7miqa-3v9i4ruup3ol6/43874e4r6f2d4g8i.o:1: MAJOR:C-O1
./target/debug/incremental/bitwisr-1rvsne359h8sc/s-gf71qoom28-1o7miqa-3v9i4ruup3ol6/43b427zm3bzc41g7.o:1: MAJOR:C-O1
./target/debug/incremental/bitwisr-1rvsne359h8sc/s-gf71qoom28-1o7miqa-3v9i4ruup3ol6/43vhd2ppexiapxrw.o:1: MAJOR:C-O1
./target/debug/incremental/bitwisr-1rvsne359h8sc/s-gf71qoom28-1o7miqa-3v9i4ruup3ol6/46pvezk9oq9xusgi.o:1: MAJOR:C-O1
./target/debug/incremental/bitwisr-1rvsne359h8sc/s-gf71qoom28-1o7miqa-3v9i4ruup3ol6/492t7xhioqeijfk3.o:1: MAJOR:C-O1
./target/debug/incremental/bitwisr-1rvsne359h8sc/s-gf71qoom28-1o7miqa-3v9i4ruup3ol6/4fzeeegbtj5r7g02.o:1: MAJOR:C-O1
./target/debug/incremental/bitwisr-1rvsne359h8sc/s-gf71qoom28-1o7miqa-3v9i4ruup3ol6/4jgzdsnva6e84053.o:1: MAJOR:C-O1
./target/debug/incremental/bitwisr-1rvsne359h8sc/s-gf71qoom28-1o7miqa-3v9i4ruup3ol6/4rkdbtn4so11uryl.o:1: MAJOR:C-O1
./target/debug/incremental/bitwisr-1rvsne359h8sc/s-gf71qoom28-1o7miqa-3v9i4ruup3ol6/4v2ug0l1lash3k95.o:1: MAJOR:C-O1
./target/debug/incremental/bitwisr-1rvsne359h8sc/s-gf71qoom28-1o7miqa-3v9i4ruup3ol6/4xi5heu6nuesb3wm.o:1: MAJOR:C-O1
./target/debug/incremental/bitwisr-1rvsne359h8sc/s-gf71qoom28-1o7miqa-3v9i4ruup3ol6/4zgx455cvmtp3e5.o:1: MAJOR:C-O1
./target/debug/incremental/bitwisr-1rvsne359h8sc/s-gf71qoom28-1o7miqa-3v9i4ruup3ol6/50pcll6po0dzkfr2.o:1: MAJOR:C-O1
./target/debug/incremental/bitwisr-1rvsne359h8sc/s-gf71qoom28-1o7miqa-3v9i4ruup3ol6/560999lgpw3635zk.o:1: MAJOR:C-O1
./target/debug/incremental/bitwisr-1rvsne359h8sc/s-gf71qoom28-1o7miqa-3v9i4ruup3ol6/58lfgn7fuwehh044.o:1: MAJOR:C-O1
./target/debug/incremental/bitwisr-1rvsne359h8sc/s-gf71qoom28-1o7miqa-3v9i4ruup3ol6/5bmz89lvga5yt8js.o:1: MAJOR:C-O1
./target/debug/incremental/bitwisr-1rvsne359h8sc/s-gf71qoom28-1o7miqa-3v9i4ruup3ol6/5c5vyghrx45dj2i0.o:1: MAJOR:C-O1
./target/debug/incremental/bitwisr-1rvsne359h8sc/s-gf71qoom28-1o7miqa-3v9i4ruup3ol6/5cvyvsw99bcjtd2.o:1: MAJOR:C-O1
./target/debug/incremental/bitwisr-1rvsne359h8sc/s-gf71qoom28-1o7miqa-3v9i4ruup3ol6/5dn4f9rhbg5b5sv3.o:1: MAJOR:C-O1
./target/debug/incremental/bitwisr-1rvsne359h8sc/s-gf71qoom28-1o7miqa-3v9i4ruup3ol6/5g16z1rakc6n1weg.o:1: MAJOR:C-O1
./target/debug/incremental/bitwisr-1rvsne359h8sc/s-gf71qoom28-1o7miqa-3v9i4ruup3ol6/7mvdme315epsx3n.o:1: MAJOR:C-O1
./target/debug/incremental/bitwisr-1rvsne359h8sc/s-gf71qoom28-1o7miqa-3v9i4ruup3ol6/a2l5bsyd9bi9g6a.o:1: MAJOR:C-O1
./target/debug/incremental/bitwisr-1rvsne359h8sc/s-gf71qoom28-1o7miqa-3v9i4ruup3ol6/b33fqac7yua4bn.o:1: MAJOR:C-O1
./target/debug/incremental/bitwisr-1rvsne359h8sc/s-gf71qoom28-1o7miqa-3v9i4ruup3ol6/cyby5xi01piyytu.o:1: MAJOR:C-O1
./target/debug/incremental/bitwisr-1rvsne359h8sc/s-gf71qoom28-1o7miqa-3v9i4ruup3ol6/hg0456nbc8yuqcz.o:1: MAJOR:C-O1
./target/debug/incremental/bitwisr-1rvsne359h8sc/s-gf71qoom28-1o7miqa-3v9i4ruup3ol6/hnjt15svb5zy4sw.o:1: MAJOR:C-O1
./target/debug/incremental/bitwisr-1rvsne359h8sc/s-gf71qoom28-1o7miqa-3v9i4ruup3ol6/irnp08rt9v5mwwy.o:1: MAJOR:C-O1
./target/debug/incremental/bitwisr-1rvsne359h8sc/s-gf71qoom28-1o7miqa-3v9i4ruup3ol6/jlsvjanw5cawjnz.o:1: MAJOR:C-O1
./target/debug/incremental/bitwisr-1rvsne359h8sc/s-gf71qoom28-1o7miqa-3v9i4ruup3ol6/jy26nsh3xy33yww.o:1: MAJOR:C-O1
./target/debug/incremental/bitwisr-1rvsne359h8sc/s-gf71qoom28-1o7miqa-3v9i4ruup3ol6/lta7ey5ivox5rzs.o:1: MAJOR:C-O1
./target/debug/incremental/bitwisr-1rvsne359h8sc/s-gf71qoom28-1o7miqa-3v9i4ruup3ol6/m5rzcngmv01b6gf.o:1: MAJOR:C-O1
./target/debug/incremental/bitwisr-1rvsne359h8sc/s-gf71qoom28-1o7miqa-3v9i4ruup3ol6/n80ggim5p220bd7.o:1: MAJOR:C-O1
./target/debug/incremental/bitwisr-1rvsne359h8sc/s-gf71qoom28-1o7miqa-3v9i4ruup3ol6/qza33v593kydrv7.o:1: MAJOR:C-O1
./target/debug/incremental/bitwisr-1rvsne359h8sc/s-gf71qoom28-1o7miqa-3v9i4ruup3ol6/sx6knjjo2ays8t2.o:1: MAJOR:C-O1
./target/debug/incremental/bitwisr-1rvsne359h8sc/s-gf71qoom28-1o7miqa-3v9i4ruup3ol6/v1ugvzocesmya63.o:1: MAJOR:C-O1
./target/debug/incremental/bitwisr-1rvsne359h8sc/s-gf71qoom28-1o7miqa-3v9i4ruup3ol6/wtemwas3k275sok.o:1: MAJOR:C-O1
./target/debug/incremental/bitwisr-1rvsne359h8sc/s-gf71qoom28-1o7miqa-3v9i4ruup3ol6/y7y86ktke9hsh86.o:1: MAJOR:C-O1
./target/debug/incremental/bitwisr-1rvsne359h8sc/s-gf71qoom28-1o7miqa-3v9i4ruup3ol6/yamvx4rwluvcy6f.o:1: MAJOR:C-O1
./target/debug/incremental/bitwisr-1rvsne359h8sc/s-gf71qoom28-1o7miqa-3v9i4ruup3ol6/zjr2kdmkghkrvi0.o:1: MAJOR:C-O1
./target/debug/incremental/bitwisr-1rvsne359h8sc/s-gf71qoom28-1o7miqa-3v9i4ruup3ol6/zjx5qdjd08oidmr.o:1: MAJOR:C-O1
./target/debug/incremental/bitwisr-34jfx1ew70ddm/s-ggkp9545wr-1v2wdeq-3d5yfvlahm6nb/11a6pezm0rasy287.o:1: MAJOR:C-O1
./target/debug/incremental/bitwisr-34jfx1ew70ddm/s-ggkp9545wr-1v2wdeq-3d5yfvlahm6nb/11dvumpqiwrxt85q.o:1: MAJOR:C-O1
./target/debug/incremental/bitwisr-34jfx1ew70ddm/s-ggkp9545wr-1v2wdeq-3d5yfvlahm6nb/11p10odnfp4q6zkh.o:1: MAJOR:C-O1
./target/debug/incremental/bitwisr-34jfx1ew70ddm/s-ggkp9545wr-1v2wdeq-3d5yfvlahm6nb/12nwt4d8rfon5sg8.o:1: MAJOR:C-O1
./target/debug/incremental/bitwisr-34jfx1ew70ddm/s-ggkp9545wr-1v2wdeq-3d5yfvlahm6nb/14z8zqud9jrxih58.o:1: MAJOR:C-O1
./target/debug/incremental/bitwisr-34jfx1ew70ddm/s-ggkp9545wr-1v2wdeq-3d5yfvlahm6nb/1520gyzxa3jwfzv5.o:1: MAJOR:C-O1
./target/debug/incremental/bitwisr-34jfx1ew70ddm/s-ggkp9545wr-1v2wdeq-3d5yfvlahm6nb/174qfmy5w6mc5s9v.o:1: MAJOR:C-O1
./target/debug/incremental/bitwisr-34jfx1ew70ddm/s-ggkp9545wr-1v2wdeq-3d5yfvlahm6nb/17y0fqathq48rvl6.o:1: MAJOR:C-O1
./target/debug/incremental/bitwisr-34jfx1ew70ddm/s-ggkp9545wr-1v2wdeq-3d5yfvlahm6nb/19im3v2a9mo5meub.o:1: MAJOR:C-O1
./target/debug/incremental/bitwisr-34jfx1ew70ddm/s-ggkp9545wr-1v2wdeq-3d5yfvlahm6nb/19mud2ogt2ovpy34.o:1: MAJOR:C-O1
./target/debug/incremental/bitwisr-34jfx1ew70ddm/s-ggkp9545wr-1v2wdeq-3d5yfvlahm6nb/1kbqaic68ccld75s.o:1: MAJOR:C-O1
./target/debug/incremental/bitwisr-34jfx1ew70ddm/s-ggkp9545wr-1v2wdeq-3d5yfvlahm6nb/1kzdd9523gp8oi90.o:1: MAJOR:C-O1
./target/debug/incremental/bitwisr-34jfx1ew70ddm/s-ggkp9545wr-1v2wdeq-3d5yfvlahm6nb/1m795jcqln3m2br.o:1: MAJOR:C-O1
./target/debug/incremental/bitwisr-34jfx1ew70ddm/s-ggkp9545wr-1v2wdeq-3d5yfvlahm6nb/1o1nhsybwf6dx7ac.o:1: MAJOR:C-O1
./target/debug/incremental/bitwisr-34jfx1ew70ddm/s-ggkp9545wr-1v2wdeq-3d5yfvlahm6nb/1p65d9hwgxgbaix3.o:1: MAJOR:C-O1
./target/debug/incremental/bitwisr-34jfx1ew70ddm/s-ggkp9545wr-1v2wdeq-3d5yfvlahm6nb/1qhj7y5au3rhnud3.o:1: MAJOR:C-O1
./target/debug/incremental/bitwisr-34jfx1ew70ddm/s-ggkp9545wr-1v2wdeq-3d5yfvlahm6nb/1rixtrbxhn9afqsz.o:1: MAJOR:C-O1
./target/debug/incremental/bitwisr-34jfx1ew70ddm/s-ggkp9545wr-1v2wdeq-3d5yfvlahm6nb/1s5kru9i6kegoo3w.o:1: MAJOR:C-O1
./target/debug/incremental/bitwisr-34jfx1ew70ddm/s-ggkp9545wr-1v2wdeq-3d5yfvlahm6nb/1sb7axl0c2kd068u.o:1: MAJOR:C-O1
./target/debug/incremental/bitwisr-34jfx1ew70ddm/s-ggkp9545wr-1v2wdeq-3d5yfvlahm6nb/1tx81m0h06xjq5f4.o:1: MAJOR:C-O1
./target/debug/incremental/bitwisr-34jfx1ew70ddm/s-ggkp9545wr-1v2wdeq-3d5yfvlahm6nb/1ubh6jiuxldizsrw.o:1: MAJOR:C-O1
./target/debug/incremental/bitwisr-34jfx1ew70ddm/s-ggkp9545wr-1v2wdeq-3d5yfvlahm6nb/1xb1km5b61ww7i3v.o:1: MAJOR:C-O1
./target/debug/incremental/bitwisr-34jfx1ew70ddm/s-ggkp9545wr-1v2wdeq-3d5yfvlahm6nb/1xf3sbx2mi6d65qi.o:1: MAJOR:C-O1
./target/debug/incremental/bitwisr-34jfx1ew70ddm/s-ggkp9545wr-1v2wdeq-3d5yfvlahm6nb/1y396qpanivqkfxg.o:1: MAJOR:C-O1
./target/debug/incremental/bitwisr-34jfx1ew70ddm/s-ggkp9545wr-1v2wdeq-3d5yfvlahm6nb/1zs6bbyueat7xg99.o:1: MAJOR:C-O1
./target/debug/incremental/bitwisr-34jfx1ew70ddm/s-ggkp9545wr-1v2wdeq-3d5yfvlahm6nb/22bdxuvmm9dya6jn.o:1: MAJOR:C-O1
./target/debug/incremental/bitwisr-34jfx1ew70ddm/s-ggkp9545wr-1v2wdeq-3d5yfvlahm6nb/22sg8sk44dfgjq26.o:1: MAJOR:C-O1
./target/debug/incremental/bitwisr-34jfx1ew70ddm/s-ggkp9545wr-1v2wdeq-3d5yfvlahm6nb/237bnxjmjqqmegng.o:1: MAJOR:C-O1
./target/debug/incremental/bitwisr-34jfx1ew70ddm/s-ggkp9545wr-1v2wdeq-3d5yfvlahm6nb/25khtp1d4ehm5qf9.o:1: MAJOR:C-O1
./target/debug/incremental/bitwisr-34jfx1ew70ddm/s-ggkp9545wr-1v2wdeq-3d5yfvlahm6nb/266p2z5v0lv5ki38.o:1: MAJOR:C-O1
./target/debug/incremental/bitwisr-34jfx1ew70ddm/s-ggkp9545wr-1v2wdeq-3d5yfvlahm6nb/268cqf3dukou4514.o:1: MAJOR:C-O1
./target/debug/incremental/bitwisr-34jfx1ew70ddm/s-ggkp9545wr-1v2wdeq-3d5yfvlahm6nb/2asu39ky3f3s1rn0.o:1: MAJOR:C-O1
./target/debug/incremental/bitwisr-34jfx1ew70ddm/s-ggkp9545wr-1v2wdeq-3d5yfvlahm6nb/2bmvhsyu724ekq57.o:1: MAJOR:C-O1
./target/debug/incremental/bitwisr-34jfx1ew70ddm/s-ggkp9545wr-1v2wdeq-3d5yfvlahm6nb/2f2lzd4n4t27i1o8.o:1: MAJOR:C-O1
./target/debug/incremental/bitwisr-34jfx1ew70ddm/s-ggkp9545wr-1v2wdeq-3d5yfvlahm6nb/2jb0l46herg6vlf1.o:1: MAJOR:C-O1
./target/debug/incremental/bitwisr-34jfx1ew70ddm/s-ggkp9545wr-1v2wdeq-3d5yfvlahm6nb/2jqrced9jo0t5xen.o:1: MAJOR:C-O1
./target/debug/incremental/bitwisr-34jfx1ew70ddm/s-ggkp9545wr-1v2wdeq-3d5yfvlahm6nb/2kdzlp4kitacijzo.o:1: MAJOR:C-O1
./target/debug/incremental/bitwisr-34jfx1ew70ddm/s-ggkp9545wr-1v2wdeq-3d5yfvlahm6nb/2ljnycfi5nwpu4bz.o:1: MAJOR:C-O1
./target/debug/incremental/bitwisr-34jfx1ew70ddm/s-ggkp9545wr-1v2wdeq-3d5yfvlahm6nb/2msu4l2p1d1r4hfp.o:1: MAJOR:C-O1
./target/debug/incremental/bitwisr-34jfx1ew70ddm/s-ggkp9545wr-1v2wdeq-3d5yfvlahm6nb/2n7kmhfn9n1kef57.o:1: MAJOR:C-O1
./target/debug/incremental/bitwisr-34jfx1ew70ddm/s-ggkp9545wr-1v2wdeq-3d5yfvlahm6nb/2pr0rly7bm0wpcky.o:1: MAJOR:C-O1
./target/debug/incremental/bitwisr-34jfx1ew70ddm/s-ggkp9545wr-1v2wdeq-3d5yfvlahm6nb/2r2e0nqt4f1n7fth.o:1: MAJOR:C-O1
./target/debug/incremental/bitwisr-34jfx1ew70ddm/s-ggkp9545wr-1v2wdeq-3d5yfvlahm6nb/2rcfqicyf30x3hvt.o:1: MAJOR:C-O1
./target/debug/incremental/bitwisr-34jfx1ew70ddm/s-ggkp9545wr-1v2wdeq-3d5yfvlahm6nb/2ss46i50dsft8vsc.o:1: MAJOR:C-O1
./target/debug/incremental/bitwisr-34jfx1ew70ddm/s-ggkp9545wr-1v2wdeq-3d5yfvlahm6nb/2tjsdoyxufhzixe7.o:1: MAJOR:C-O1
./target/debug/incremental/bitwisr-34jfx1ew70ddm/s-ggkp9545wr-1v2wdeq-3d5yfvlahm6nb/2tpizlmp27w0rxwo.o:1: MAJOR:C-O1
./target/debug/incremental/bitwisr-34jfx1ew70ddm/s-ggkp9545wr-1v2wdeq-3d5yfvlahm6nb/2vnyszupiv6trz8c.o:1: MAJOR:C-O1
./target/debug/incremental/bitwisr-34jfx1ew70ddm/s-ggkp9545wr-1v2wdeq-3d5yfvlahm6nb/2vpkcmd5t00itl7q.o:1: MAJOR:C-O1
./target/debug/incremental/bitwisr-34jfx1ew70ddm/s-ggkp9545wr-1v2wdeq-3d5yfvlahm6nb/2zucielftf0gafjt.o:1: MAJOR:C-O1
./target/debug/incremental/bitwisr-34jfx1ew70ddm/s-ggkp9545wr-1v2wdeq-3d5yfvlahm6nb/31ub3p7y6twlbqm2.o:1: MAJOR:C-O1
./target/debug/incremental/bitwisr-34jfx1ew70ddm/s-ggkp9545wr-1v2wdeq-3d5yfvlahm6nb/35tn49cztbkqr4us.o:1: MAJOR:C-O1
./target/debug/incremental/bitwisr-34jfx1ew70ddm/s-ggkp9545wr-1v2wdeq-3d5yfvlahm6nb/36jnh7k0uqcx9q6y.o:1: MAJOR:C-O1
./target/debug/incremental/bitwisr-34jfx1ew70ddm/s-ggkp9545wr-1v2wdeq-3d5yfvlahm6nb/37x14wcwhu54hepm.o:1: MAJOR:C-O1
./target/debug/incremental/bitwisr-34jfx1ew70ddm/s-ggkp9545wr-1v2wdeq-3d5yfvlahm6nb/37yun8tyslphg23d.o:1: MAJOR:C-O1
./target/debug/incremental/bitwisr-34jfx1ew70ddm/s-ggkp9545wr-1v2wdeq-3d5yfvlahm6nb/3ewmgj70dhdoxk4u.o:1: MAJOR:C-O1
./target/debug/incremental/bitwisr-34jfx1ew70ddm/s-ggkp9545wr-1v2wdeq-3d5yfvlahm6nb/3fe387n3tauzndj5.o:1: MAJOR:C-O1
./target/debug/incremental/bitwisr-34jfx1ew70ddm/s-ggkp9545wr-1v2wdeq-3d5yfvlahm6nb/3hqbu6lwg9xloscw.o:1: MAJOR:C-O1
./target/debug/incremental/bitwisr-34jfx1ew70ddm/s-ggkp9545wr-1v2wdeq-3d5yfvlahm6nb/3hxmx82vt91j5bo7.o:1: MAJOR:C-O1
./target/debug/incremental/bitwisr-34jfx1ew70ddm/s-ggkp9545wr-1v2wdeq-3d5yfvlahm6nb/3imtgm7h23uhs6og.o:1: MAJOR:C-O1
./target/debug/incremental/bitwisr-34jfx1ew70ddm/s-ggkp9545wr-1v2wdeq-3d5yfvlahm6nb/3pof7oz34zqlftrq.o:1: MAJOR:C-O1
./target/debug/incremental/bitwisr-34jfx1ew70ddm/s-ggkp9545wr-1v2wdeq-3d5yfvlahm6nb/3s6lk96zb0jqm6of.o:1: MAJOR:C-O1
./target/debug/incremental/bitwisr-34jfx1ew70ddm/s-ggkp9545wr-1v2wdeq-3d5yfvlahm6nb/3ujisdeqgzui3oq2.o:1: MAJOR:C-O1
./target/debug/incremental/bitwisr-34jfx1ew70ddm/s-ggkp9545wr-1v2wdeq-3d5yfvlahm6nb/3vn9l3bxy2wsmtr1.o:1: MAJOR:C-O1
./target/debug/incremental/bitwisr-34jfx1ew70ddm/s-ggkp9545wr-1v2wdeq-3d5yfvlahm6nb/42130isq9zfske4v.o:1: MAJOR:C-O1
./target/debug/incremental/bitwisr-34jfx1ew70ddm/s-ggkp9545wr-1v2wdeq-3d5yfvlahm6nb/42pndsfeyzre8f2y.o:1: MAJOR:C-O1
./target/debug/incremental/bitwisr-34jfx1ew70ddm/s-ggkp9545wr-1v2wdeq-3d5yfvlahm6nb/49dalz6cj8fza9j7.o:1: MAJOR:C-O1
./target/debug/incremental/bitwisr-34jfx1ew70ddm/s-ggkp9545wr-1v2wdeq-3d5yfvlahm6nb/4cevmnp20qkadpiv.o:1: MAJOR:C-O1
./target/debug/incremental/bitwisr-34jfx1ew70ddm/s-ggkp9545wr-1v2wdeq-3d5yfvlahm6nb/4cwjhp0p587edszk.o:1: MAJOR:C-O1
./target/debug/incremental/bitwisr-34jfx1ew70ddm/s-ggkp9545wr-1v2wdeq-3d5yfvlahm6nb/4d8a3dwg3i3expdl.o:1: MAJOR:C-O1
./target/debug/incremental/bitwisr-34jfx1ew70ddm/s-ggkp9545wr-1v2wdeq-3d5yfvlahm6nb/4fmk330in611095v.o:1: MAJOR:C-O1
./target/debug/incremental/bitwisr-34jfx1ew70ddm/s-ggkp9545wr-1v2wdeq-3d5yfvlahm6nb/4hd8kpcs6wyanfp7.o:1: MAJOR:C-O1
./target/debug/incremental/bitwisr-34jfx1ew70ddm/s-ggkp9545wr-1v2wdeq-3d5yfvlahm6nb/4itedjaknnd1y1b.o:1: MAJOR:C-O1
./target/debug/incremental/bitwisr-34jfx1ew70ddm/s-ggkp9545wr-1v2wdeq-3d5yfvlahm6nb/4iyx5js1m2mfrvgv.o:1: MAJOR:C-O1
./target/debug/incremental/bitwisr-34jfx1ew70ddm/s-ggkp9545wr-1v2wdeq-3d5yfvlahm6nb/4jlqphcl6y9cmw4d.o:1: MAJOR:C-O1
./target/debug/incremental/bitwisr-34jfx1ew70ddm/s-ggkp9545wr-1v2wdeq-3d5yfvlahm6nb/4kgychhjxox3kz86.o:1: MAJOR:C-O1
./target/debug/incremental/bitwisr-34jfx1ew70ddm/s-ggkp9545wr-1v2wdeq-3d5yfvlahm6nb/4nxe7iaeibgrmk9u.o:1: MAJOR:C-O1
./target/debug/incremental/bitwisr-34jfx1ew70ddm/s-ggkp9545wr-1v2wdeq-3d5yfvlahm6nb/4o1is4i5at8tzc85.o:1: MAJOR:C-O1
./target/debug/incremental/bitwisr-34jfx1ew70ddm/s-ggkp9545wr-1v2wdeq-3d5yfvlahm6nb/4ok0syjuz37825dc.o:1: MAJOR:C-O1
./target/debug/incremental/bitwisr-34jfx1ew70ddm/s-ggkp9545wr-1v2wdeq-3d5yfvlahm6nb/4pvg1c7f2gsjgvt6.o:1: MAJOR:C-O1
./target/debug/incremental/bitwisr-34jfx1ew70ddm/s-ggkp9545wr-1v2wdeq-3d5yfvlahm6nb/4qznt5n36kezusor.o:1: MAJOR:C-O1
./target/debug/incremental/bitwisr-34jfx1ew70ddm/s-ggkp9545wr-1v2wdeq-3d5yfvlahm6nb/4r9zmva55z6nkdcf.o:1: MAJOR:C-O1
./target/debug/incremental/bitwisr-34jfx1ew70ddm/s-ggkp9545wr-1v2wdeq-3d5yfvlahm6nb/4talu9jr8sud66xu.o:1: MAJOR:C-O1
./target/debug/incremental/bitwisr-34jfx1ew70ddm/s-ggkp9545wr-1v2wdeq-3d5yfvlahm6nb/4vnzmo3cgngv9lxy.o:1: MAJOR:C-O1
./target/debug/incremental/bitwisr-34jfx1ew70ddm/s-ggkp9545wr-1v2wdeq-3d5yfvlahm6nb/4vx518lexi25ry5c.o:1: MAJOR:C-O1
./target/debug/incremental/bitwisr-34jfx1ew70ddm/s-ggkp9545wr-1v2wdeq-3d5yfvlahm6nb/4zynppcarkgmjgz5.o:1: MAJOR:C-O1
./target/debug/incremental/bitwisr-34jfx1ew70ddm/s-ggkp9545wr-1v2wdeq-3d5yfvlahm6nb/517ddx8qf0a96uee.o:1: MAJOR:C-O1
./target/debug/incremental/bitwisr-34jfx1ew70ddm/s-ggkp9545wr-1v2wdeq-3d5yfvlahm6nb/51e64zrf31amw8jx.o:1: MAJOR:C-O1
./target/debug/incremental/bitwisr-34jfx1ew70ddm/s-ggkp9545wr-1v2wdeq-3d5yfvlahm6nb/51vj1yvrsvxc4cum.o:1: MAJOR:C-O1
./target/debug/incremental/bitwisr-34jfx1ew70ddm/s-ggkp9545wr-1v2wdeq-3d5yfvlahm6nb/5az2no5x7iit02yy.o:1: MAJOR:C-O1
./target/debug/incremental/bitwisr-34jfx1ew70ddm/s-ggkp9545wr-1v2wdeq-3d5yfvlahm6nb/5bizbztsxa79ygj1.o:1: MAJOR:C-O1
./target/debug/incremental/bitwisr-34jfx1ew70ddm/s-ggkp9545wr-1v2wdeq-3d5yfvlahm6nb/5d3cfm5mpxuy8cvj.o:1: MAJOR:C-O1
./target/debug/incremental/bitwisr-34jfx1ew70ddm/s-ggkp9545wr-1v2wdeq-3d5yfvlahm6nb/5dw2cjcch7oqnov2.o:1: MAJOR:C-O1
./target/debug/incremental/bitwisr-34jfx1ew70ddm/s-ggkp9545wr-1v2wdeq-3d5yfvlahm6nb/5dzba4h7rucgpzpq.o:1: MAJOR:C-O1
./target/debug/incremental/bitwisr-34jfx1ew70ddm/s-ggkp9545wr-1v2wdeq-3d5yfvlahm6nb/5e9503k5m2gq3zgb.o:1: MAJOR:C-O1
./target/debug/incremental/bitwisr-34jfx1ew70ddm/s-ggkp9545wr-1v2wdeq-3d5yfvlahm6nb/5galothsvr023ftt.o:1: MAJOR:C-O1
./target/debug/incremental/bitwisr-34jfx1ew70ddm/s-ggkp9545wr-1v2wdeq-3d5yfvlahm6nb/5ikhsk5zbejhx7i.o:1: MAJOR:C-O1
./target/debug/incremental/bitwisr-34jfx1ew70ddm/s-ggkp9545wr-1v2wdeq-3d5yfvlahm6nb/78co9kvpynj130j.o:1: MAJOR:C-O1
./target/debug/incremental/bitwisr-34jfx1ew70ddm/s-ggkp9545wr-1v2wdeq-3d5yfvlahm6nb/7jgrk3r1uky1kac.o:1: MAJOR:C-O1
./target/debug/incremental/bitwisr-34jfx1ew70ddm/s-ggkp9545wr-1v2wdeq-3d5yfvlahm6nb/7vdx0vlj6nrdbe8.o:1: MAJOR:C-O1
./target/debug/incremental/bitwisr-34jfx1ew70ddm/s-ggkp9545wr-1v2wdeq-3d5yfvlahm6nb/8ae3h6tcsmubqvf.o:1: MAJOR:C-O1
./target/debug/incremental/bitwisr-34jfx1ew70ddm/s-ggkp9545wr-1v2wdeq-3d5yfvlahm6nb/absn2y2udd1dte4.o:1: MAJOR:C-O1
./target/debug/incremental/bitwisr-34jfx1ew70ddm/s-ggkp9545wr-1v2wdeq-3d5yfvlahm6nb/b4f14ev30xywklc.o:1: MAJOR:C-O1
./target/debug/incremental/bitwisr-34jfx1ew70ddm/s-ggkp9545wr-1v2wdeq-3d5yfvlahm6nb/dqgz898syfxasgc.o:1: MAJOR:C-O1
./target/debug/incremental/bitwisr-34jfx1ew70ddm/s-ggkp9545wr-1v2wdeq-3d5yfvlahm6nb/e6d21xoy07yar7y.o:1: MAJOR:C-O1
./target/debug/incremental/bitwisr-34jfx1ew70ddm/s-ggkp9545wr-1v2wdeq-3d5yfvlahm6nb/i3lapvqir04nd9v.o:1: MAJOR:C-O1
./target/debug/incremental/bitwisr-34jfx1ew70ddm/s-ggkp9545wr-1v2wdeq-3d5yfvlahm6nb/nv1u1gv71l6kdle.o:1: MAJOR:C-O1
./target/debug/incremental/bitwisr-34jfx1ew70ddm/s-ggkp9545wr-1v2wdeq-3d5yfvlahm6nb/pa6o065u8frx5bn.o:1: MAJOR:C-O1
./target/debug/incremental/bitwisr-34jfx1ew70ddm/s-ggkp9545wr-1v2wdeq-3d5yfvlahm6nb/q5dx11kj7t8c24t.o:1: MAJOR:C-O1
./target/debug/incremental/bitwisr-34jfx1ew70ddm/s-ggkp9545wr-1v2wdeq-3d5yfvlahm6nb/q8gmfx4zyyi5m5c.o:1: MAJOR:C-O1
./target/debug/incremental/bitwisr-34jfx1ew70ddm/s-ggkp9545wr-1v2wdeq-3d5yfvlahm6nb/stx23qsfivj6sxg.o:1: MAJOR:C-O1
./target/debug/incremental/bitwisr-34jfx1ew70ddm/s-ggkp9545wr-1v2wdeq-3d5yfvlahm6nb/tt6lj4aw81ayuyd.o:1: MAJOR:C-O1
./target/debug/incremental/bitwisr-34jfx1ew70ddm/s-ggkp9545wr-1v2wdeq-3d5yfvlahm6nb/uzelh0rwmkchywf.o:1: MAJOR:C-O1
./target/debug/incremental/bitwisr-34jfx1ew70ddm/s-ggkp9545wr-1v2wdeq-3d5yfvlahm6nb/wak2m6nxve05yae.o:1: MAJOR:C-O1
./target/debug/incremental/bitwisr-34jfx1ew70ddm/s-ggkp9545wr-1v2wdeq-3d5yfvlahm6nb/yj10v2pdq4g7usi.o:1: MAJOR:C-O1
./target/debug/incremental/bitwisr-3e0yicpku7kll/s-ghwctnwje9-13qcx8j-ovkjccxhdd4x/1el7r4u4aoicmxdq.o:1: MAJOR:C-O1
./target/debug/incremental/bitwisr-3e0yicpku7kll/s-ghwctnwje9-13qcx8j-ovkjccxhdd4x/1offf3jlkkw5cf2.o:1: MAJOR:C-O1
./target/debug/incremental/bitwisr-3e0yicpku7kll/s-ghwctnwje9-13qcx8j-ovkjccxhdd4x/1siuf7coqd5vvx3c.o:1: MAJOR:C-O1
./target/debug/incremental/bitwisr-3e0yicpku7kll/s-ghwctnwje9-13qcx8j-ovkjccxhdd4x/1w1cs5onbd4x0ld8.o:1: MAJOR:C-O1
./target/debug/incremental/bitwisr-3e0yicpku7kll/s-ghwctnwje9-13qcx8j-ovkjccxhdd4x/20v572jouoqbtrvm.o:1: MAJOR:C-O1
./target/debug/incremental/bitwisr-3e0yicpku7kll/s-ghwctnwje9-13qcx8j-ovkjccxhdd4x/24ae1b1q6u4nrh7z.o:1: MAJOR:C-O1
./target/debug/incremental/bitwisr-3e0yicpku7kll/s-ghwctnwje9-13qcx8j-ovkjccxhdd4x/2o2468cp5pvw8q8s.o:1: MAJOR:C-O1
./target/debug/incremental/bitwisr-3e0yicpku7kll/s-ghwctnwje9-13qcx8j-ovkjccxhdd4x/2pmjbc1x0xicdwcc.o:1: MAJOR:C-O1
./target/debug/incremental/bitwisr-3e0yicpku7kll/s-ghwctnwje9-13qcx8j-ovkjccxhdd4x/2q4yzcqxhsktxg05.o:1: MAJOR:C-O1
./target/debug/incremental/bitwisr-3e0yicpku7kll/s-ghwctnwje9-13qcx8j-ovkjccxhdd4x/2qbxjlf5xp884al8.o:1: MAJOR:C-O1
./target/debug/incremental/bitwisr-3e0yicpku7kll/s-ghwctnwje9-13qcx8j-ovkjccxhdd4x/2vfkjpv958jzvlxg.o:1: MAJOR:C-O1
./target/debug/incremental/bitwisr-3e0yicpku7kll/s-ghwctnwje9-13qcx8j-ovkjccxhdd4x/2vx9e31r3qmq6ver.o:1: MAJOR:C-O1
./target/debug/incremental/bitwisr-3e0yicpku7kll/s-ghwctnwje9-13qcx8j-ovkjccxhdd4x/2xrlqmibt8bz7t14.o:1: MAJOR:C-O1
./target/debug/incremental/bitwisr-3e0yicpku7kll/s-ghwctnwje9-13qcx8j-ovkjccxhdd4x/33ts8oyttfrgdfm.o:1: MAJOR:C-O1
./target/debug/incremental/bitwisr-3e0yicpku7kll/s-ghwctnwje9-13qcx8j-ovkjccxhdd4x/3idynldtjoieoj2l.o:1: MAJOR:C-O1
./target/debug/incremental/bitwisr-3e0yicpku7kll/s-ghwctnwje9-13qcx8j-ovkjccxhdd4x/3mexplxtwoiibbw6.o:1: MAJOR:C-O1
./target/debug/incremental/bitwisr-3e0yicpku7kll/s-ghwctnwje9-13qcx8j-ovkjccxhdd4x/3rw4fl3n85psswap.o:1: MAJOR:C-O1
./target/debug/incremental/bitwisr-3e0yicpku7kll/s-ghwctnwje9-13qcx8j-ovkjccxhdd4x/3ultn1aole7dpyaz.o:1: MAJOR:C-O1
./target/debug/incremental/bitwisr-3e0yicpku7kll/s-ghwctnwje9-13qcx8j-ovkjccxhdd4x/3veuejys8qkdk24u.o:1: MAJOR:C-O1
./target/debug/incremental/bitwisr-3e0yicpku7kll/s-ghwctnwje9-13qcx8j-ovkjccxhdd4x/3w3cbmf43lxpejqk.o:1: MAJOR:C-O1
./target/debug/incremental/bitwisr-3e0yicpku7kll/s-ghwctnwje9-13qcx8j-ovkjccxhdd4x/443zf20f26icv4a6.o:1: MAJOR:C-O1
./target/debug/incremental/bitwisr-3e0yicpku7kll/s-ghwctnwje9-13qcx8j-ovkjccxhdd4x/49v63738tgpqqb95.o:1: MAJOR:C-O1
./target/debug/incremental/bitwisr-3e0yicpku7kll/s-ghwctnwje9-13qcx8j-ovkjccxhdd4x/4h1duhmm62a9wfqd.o:1: MAJOR:C-O1
./target/debug/incremental/bitwisr-3e0yicpku7kll/s-ghwctnwje9-13qcx8j-ovkjccxhdd4x/4iwhoog98ze1i4xh.o:1: MAJOR:C-O1
./target/debug/incremental/bitwisr-3e0yicpku7kll/s-ghwctnwje9-13qcx8j-ovkjccxhdd4x/4o3i6nno4ikdv6gp.o:1: MAJOR:C-O1
./target/debug/incremental/bitwisr-3e0yicpku7kll/s-ghwctnwje9-13qcx8j-ovkjccxhdd4x/4osqo0rcbaegian.o:1: MAJOR:C-O1
./target/debug/incremental/bitwisr-3e0yicpku7kll/s-ghwctnwje9-13qcx8j-ovkjccxhdd4x/4rzcurlwtnoc69r8.o:1: MAJOR:C-O1
./target/debug/incremental/bitwisr-3e0yicpku7kll/s-ghwctnwje9-13qcx8j-ovkjccxhdd4x/4v52zttmsgeqjr2j.o:1: MAJOR:C-O1
./target/debug/incremental/bitwisr-3e0yicpku7kll/s-ghwctnwje9-13qcx8j-ovkjccxhdd4x/511icknscxpnz6pq.o:1: MAJOR:C-O1
./target/debug/incremental/bitwisr-3e0yicpku7kll/s-ghwctnwje9-13qcx8j-ovkjccxhdd4x/55kidae18g17j4g6.o:1: MAJOR:C-O1
./target/debug/incremental/bitwisr-3e0yicpku7kll/s-ghwctnwje9-13qcx8j-ovkjccxhdd4x/55lzi3mm39joypc3.o:1: MAJOR:C-O1
./target/debug/incremental/bitwisr-3e0yicpku7kll/s-ghwctnwje9-13qcx8j-ovkjccxhdd4x/55ulfyucx0gpw2ii.o:1: MAJOR:C-O1
./target/debug/incremental/bitwisr-3e0yicpku7kll/s-ghwctnwje9-13qcx8j-ovkjccxhdd4x/56g8xaqpfw43n54x.o:1: MAJOR:C-O1
./target/debug/incremental/bitwisr-3e0yicpku7kll/s-ghwctnwje9-13qcx8j-ovkjccxhdd4x/5cyi1xqzvt0ztv5r.o:1: MAJOR:C-O1
./target/debug/incremental/bitwisr-3e0yicpku7kll/s-ghwctnwje9-13qcx8j-ovkjccxhdd4x/5d4so517znnlbphf.o:1: MAJOR:C-O1
./target/debug/incremental/bitwisr-3e0yicpku7kll/s-ghwctnwje9-13qcx8j-ovkjccxhdd4x/5e4tmyo52g347eff.o:1: MAJOR:C-O1
./target/debug/incremental/bitwisr-3e0yicpku7kll/s-ghwctnwje9-13qcx8j-ovkjccxhdd4x/5esmu424buy5cjc4.o:1: MAJOR:C-O1
./target/debug/incremental/bitwisr-3e0yicpku7kll/s-ghwctnwje9-13qcx8j-ovkjccxhdd4x/5fm0ux4ixsdl3k2c.o:1: MAJOR:C-O1
./target/debug/incremental/bitwisr-3e0yicpku7kll/s-ghwctnwje9-13qcx8j-ovkjccxhdd4x/5gxy3ga181k7noh.o:1: MAJOR:C-O1
./target/debug/incremental/bitwisr-3e0yicpku7kll/s-ghwctnwje9-13qcx8j-ovkjccxhdd4x/ee6zkb162a92pip.o:1: MAJOR:C-O1
./target/debug/incremental/bitwisr-3e0yicpku7kll/s-ghwctnwje9-13qcx8j-ovkjccxhdd4x/exrubo3f53ibbmi.o:1: MAJOR:C-O1
./target/debug/incremental/bitwisr-3e0yicpku7kll/s-ghwctnwje9-13qcx8j-ovkjccxhdd4x/gs522aixkn6jq55.o:1: MAJOR:C-O1
./target/debug/incremental/bitwisr-3e0yicpku7kll/s-ghwctnwje9-13qcx8j-ovkjccxhdd4x/kciz8zckeuyagub.o:1: MAJOR:C-O1
./target/debug/incremental/bitwisr-3e0yicpku7kll/s-ghwctnwje9-13qcx8j-ovkjccxhdd4x/xryzs9l1zx3boud.o:1: MAJOR:C-O1
./target/debug/incremental/bitwisr-994w1xrhbjq6/s-gf71pjelxz-nak1yt-7q87d9bpfpwf/1163deeh8bvjmh7g.o:1: MAJOR:C-O1
./target/debug/incremental/bitwisr-994w1xrhbjq6/s-gf71pjelxz-nak1yt-7q87d9bpfpwf/119n94hkezoh9m7z.o:1: MAJOR:C-O1
./target/debug/incremental/bitwisr-994w1xrhbjq6/s-gf71pjelxz-nak1yt-7q87d9bpfpwf/136hv1yet88htn2i.o:1: MAJOR:C-O1
./target/debug/incremental/bitwisr-994w1xrhbjq6/s-gf71pjelxz-nak1yt-7q87d9bpfpwf/13emdbxfq1ddkpwa.o:1: MAJOR:C-O1
./target/debug/incremental/bitwisr-994w1xrhbjq6/s-gf71pjelxz-nak1yt-7q87d9bpfpwf/14l2q6clvuzlc2x2.o:1: MAJOR:C-O1
./target/debug/incremental/bitwisr-994w1xrhbjq6/s-gf71pjelxz-nak1yt-7q87d9bpfpwf/14lznnk7t4bngf57.o:1: MAJOR:C-O1
./target/debug/incremental/bitwisr-994w1xrhbjq6/s-gf71pjelxz-nak1yt-7q87d9bpfpwf/14qw5pjbkbiy6v05.o:1: MAJOR:C-O1
./target/debug/incremental/bitwisr-994w1xrhbjq6/s-gf71pjelxz-nak1yt-7q87d9bpfpwf/155ty0mesm419cp6.o:1: MAJOR:C-O1
./target/debug/incremental/bitwisr-994w1xrhbjq6/s-gf71pjelxz-nak1yt-7q87d9bpfpwf/15x6cw03attmb1uq.o:1: MAJOR:C-O1
./target/debug/incremental/bitwisr-994w1xrhbjq6/s-gf71pjelxz-nak1yt-7q87d9bpfpwf/15yzzbnjhgwhggyh.o:1: MAJOR:C-O1
./target/debug/incremental/bitwisr-994w1xrhbjq6/s-gf71pjelxz-nak1yt-7q87d9bpfpwf/176a1vurq7vq6rj8.o:1: MAJOR:C-O1
./target/debug/incremental/bitwisr-994w1xrhbjq6/s-gf71pjelxz-nak1yt-7q87d9bpfpwf/1885hrvr6phdr869.o:1: MAJOR:C-O1
./target/debug/incremental/bitwisr-994w1xrhbjq6/s-gf71pjelxz-nak1yt-7q87d9bpfpwf/1ahr54slrrv8384u.o:1: MAJOR:C-O1
./target/debug/incremental/bitwisr-994w1xrhbjq6/s-gf71pjelxz-nak1yt-7q87d9bpfpwf/1cvgbkfxrvk2p5u6.o:1: MAJOR:C-O1
./target/debug/incremental/bitwisr-994w1xrhbjq6/s-gf71pjelxz-nak1yt-7q87d9bpfpwf/1flahurjs3ufjfvz.o:1: MAJOR:C-O1
./target/debug/incremental/bitwisr-994w1xrhbjq6/s-gf71pjelxz-nak1yt-7q87d9bpfpwf/1gvxtlhbergxj0m4.o:1: MAJOR:C-O1
./target/debug/incremental/bitwisr-994w1xrhbjq6/s-gf71pjelxz-nak1yt-7q87d9bpfpwf/1h5ptzxyjmogq80k.o:1: MAJOR:C-O1
./target/debug/incremental/bitwisr-994w1xrhbjq6/s-gf71pjelxz-nak1yt-7q87d9bpfpwf/1h98kxwx1hci7hk4.o:1: MAJOR:C-O1
./target/debug/incremental/bitwisr-994w1xrhbjq6/s-gf71pjelxz-nak1yt-7q87d9bpfpwf/1jrre887tertdkzm.o:1: MAJOR:C-O1
./target/debug/incremental/bitwisr-994w1xrhbjq6/s-gf71pjelxz-nak1yt-7q87d9bpfpwf/1jt6ol60ubfbt7b5.o:1: MAJOR:C-O1
./target/debug/incremental/bitwisr-994w1xrhbjq6/s-gf71pjelxz-nak1yt-7q87d9bpfpwf/1mh73pjtlitukjd.o:1: MAJOR:C-O1
./target/debug/incremental/bitwisr-994w1xrhbjq6/s-gf71pjelxz-nak1yt-7q87d9bpfpwf/1nkwfl7v6rmuargr.o:1: MAJOR:C-O1
./target/debug/incremental/bitwisr-994w1xrhbjq6/s-gf71pjelxz-nak1yt-7q87d9bpfpwf/1nqi522fyh5g4l5s.o:1: MAJOR:C-O1
./target/debug/incremental/bitwisr-994w1xrhbjq6/s-gf71pjelxz-nak1yt-7q87d9bpfpwf/1oivqq3kvnb9hd5g.o:1: MAJOR:C-O1
./target/debug/incremental/bitwisr-994w1xrhbjq6/s-gf71pjelxz-nak1yt-7q87d9bpfpwf/1p11z79x0ggq0mx5.o:1: MAJOR:C-O1
./target/debug/incremental/bitwisr-994w1xrhbjq6/s-gf71pjelxz-nak1yt-7q87d9bpfpwf/1rh4nw4lpy44347u.o:1: MAJOR:C-O1
./target/debug/incremental/bitwisr-994w1xrhbjq6/s-gf71pjelxz-nak1yt-7q87d9bpfpwf/1sltnn3somdwjycz.o:1: MAJOR:C-O1
./target/debug/incremental/bitwisr-994w1xrhbjq6/s-gf71pjelxz-nak1yt-7q87d9bpfpwf/1u00ol2vf0cn4c7.o:1: MAJOR:C-O1
./target/debug/incremental/bitwisr-994w1xrhbjq6/s-gf71pjelxz-nak1yt-7q87d9bpfpwf/1uxb13yvaukl53mr.o:1: MAJOR:C-O1
./target/debug/incremental/bitwisr-994w1xrhbjq6/s-gf71pjelxz-nak1yt-7q87d9bpfpwf/1vkteujoqv6381au.o:1: MAJOR:C-O1
./target/debug/incremental/bitwisr-994w1xrhbjq6/s-gf71pjelxz-nak1yt-7q87d9bpfpwf/1wt4mjwunwcee5gp.o:1: MAJOR:C-O1
./target/debug/incremental/bitwisr-994w1xrhbjq6/s-gf71pjelxz-nak1yt-7q87d9bpfpwf/1wwtr9oxorklli1d.o:1: MAJOR:C-O1
./target/debug/incremental/bitwisr-994w1xrhbjq6/s-gf71pjelxz-nak1yt-7q87d9bpfpwf/1xjgxvebgjy1xefz.o:1: MAJOR:C-O1
./target/debug/incremental/bitwisr-994w1xrhbjq6/s-gf71pjelxz-nak1yt-7q87d9bpfpwf/1ye7k67090lv8ic6.o:1: MAJOR:C-O1
./target/debug/incremental/bitwisr-994w1xrhbjq6/s-gf71pjelxz-nak1yt-7q87d9bpfpwf/1yr42s8tq3cu4yku.o:1: MAJOR:C-O1
./target/debug/incremental/bitwisr-994w1xrhbjq6/s-gf71pjelxz-nak1yt-7q87d9bpfpwf/1z5omj19mv2pf0sa.o:1: MAJOR:C-O1
./target/debug/incremental/bitwisr-994w1xrhbjq6/s-gf71pjelxz-nak1yt-7q87d9bpfpwf/209anjzafr862mrg.o:1: MAJOR:C-O1
./target/debug/incremental/bitwisr-994w1xrhbjq6/s-gf71pjelxz-nak1yt-7q87d9bpfpwf/216hqb9v2qcsgphx.o:1: MAJOR:C-O1
./target/debug/incremental/bitwisr-994w1xrhbjq6/s-gf71pjelxz-nak1yt-7q87d9bpfpwf/23jpc3sdeau63a7m.o:1: MAJOR:C-O1
./target/debug/incremental/bitwisr-994w1xrhbjq6/s-gf71pjelxz-nak1yt-7q87d9bpfpwf/23ui0awiqjqtq0dl.o:1: MAJOR:C-O1
./target/debug/incremental/bitwisr-994w1xrhbjq6/s-gf71pjelxz-nak1yt-7q87d9bpfpwf/253i22bdm8fpzvyg.o:1: MAJOR:C-O1
./target/debug/incremental/bitwisr-994w1xrhbjq6/s-gf71pjelxz-nak1yt-7q87d9bpfpwf/25nusr1airum577w.o:1: MAJOR:C-O1
./target/debug/incremental/bitwisr-994w1xrhbjq6/s-gf71pjelxz-nak1yt-7q87d9bpfpwf/267o81p2dbpld8ix.o:1: MAJOR:C-O1
./target/debug/incremental/bitwisr-994w1xrhbjq6/s-gf71pjelxz-nak1yt-7q87d9bpfpwf/26sjr5wz4r31d62r.o:1: MAJOR:C-O1
./target/debug/incremental/bitwisr-994w1xrhbjq6/s-gf71pjelxz-nak1yt-7q87d9bpfpwf/29hzhzrparu7usww.o:1: MAJOR:C-O1
./target/debug/incremental/bitwisr-994w1xrhbjq6/s-gf71pjelxz-nak1yt-7q87d9bpfpwf/29kis5zz6vxszh1g.o:1: MAJOR:C-O1
./target/debug/incremental/bitwisr-994w1xrhbjq6/s-gf71pjelxz-nak1yt-7q87d9bpfpwf/29tt30o79z58xpih.o:1: MAJOR:C-O1
./target/debug/incremental/bitwisr-994w1xrhbjq6/s-gf71pjelxz-nak1yt-7q87d9bpfpwf/29zqk0re47vqx9sd.o:1: MAJOR:C-O1
./target/debug/incremental/bitwisr-994w1xrhbjq6/s-gf71pjelxz-nak1yt-7q87d9bpfpwf/2b5og7y6oyfmp2ev.o:1: MAJOR:C-O1
./target/debug/incremental/bitwisr-994w1xrhbjq6/s-gf71pjelxz-nak1yt-7q87d9bpfpwf/2ctq6xbu9x72qywg.o:1: MAJOR:C-O1
./target/debug/incremental/bitwisr-994w1xrhbjq6/s-gf71pjelxz-nak1yt-7q87d9bpfpwf/2eemwykzq72pf200.o:1: MAJOR:C-O1
./target/debug/incremental/bitwisr-994w1xrhbjq6/s-gf71pjelxz-nak1yt-7q87d9bpfpwf/2eogatzmlzjga0p3.o:1: MAJOR:C-O1
./target/debug/incremental/bitwisr-994w1xrhbjq6/s-gf71pjelxz-nak1yt-7q87d9bpfpwf/2igkcxv3v7xu7cde.o:1: MAJOR:C-O1
./target/debug/incremental/bitwisr-994w1xrhbjq6/s-gf71pjelxz-nak1yt-7q87d9bpfpwf/2jj0x76i25m31p67.o:1: MAJOR:C-O1
./target/debug/incremental/bitwisr-994w1xrhbjq6/s-gf71pjelxz-nak1yt-7q87d9bpfpwf/2kjet3vq1xvvmem4.o:1: MAJOR:C-O1
./target/debug/incremental/bitwisr-994w1xrhbjq6/s-gf71pjelxz-nak1yt-7q87d9bpfpwf/2mqzr1xu907t2q6i.o:1: MAJOR:C-O1
./target/debug/incremental/bitwisr-994w1xrhbjq6/s-gf71pjelxz-nak1yt-7q87d9bpfpwf/2qc3fuz0s2hdntqv.o:1: MAJOR:C-O1
./target/debug/incremental/bitwisr-994w1xrhbjq6/s-gf71pjelxz-nak1yt-7q87d9bpfpwf/2qw3ms3t5erscnr7.o:1: MAJOR:C-O1
./target/debug/incremental/bitwisr-994w1xrhbjq6/s-gf71pjelxz-nak1yt-7q87d9bpfpwf/2rv1ikfag20fntmh.o:1: MAJOR:C-O1
./target/debug/incremental/bitwisr-994w1xrhbjq6/s-gf71pjelxz-nak1yt-7q87d9bpfpwf/2saq6ourfr4z91js.o:1: MAJOR:C-O1
./target/debug/incremental/bitwisr-994w1xrhbjq6/s-gf71pjelxz-nak1yt-7q87d9bpfpwf/2sjt804bnl9tyy7e.o:1: MAJOR:C-O1
./target/debug/incremental/bitwisr-994w1xrhbjq6/s-gf71pjelxz-nak1yt-7q87d9bpfpwf/2wvexh0j0a7bjm1f.o:1: MAJOR:C-O1
./target/debug/incremental/bitwisr-994w1xrhbjq6/s-gf71pjelxz-nak1yt-7q87d9bpfpwf/2xk47y6w8tnx8tyk.o:1: MAJOR:C-O1
./target/debug/incremental/bitwisr-994w1xrhbjq6/s-gf71pjelxz-nak1yt-7q87d9bpfpwf/2ylotccw5ualicxi.o:1: MAJOR:C-O1
./target/debug/incremental/bitwisr-994w1xrhbjq6/s-gf71pjelxz-nak1yt-7q87d9bpfpwf/2yrjzumzmjpk418s.o:1: MAJOR:C-O1
./target/debug/incremental/bitwisr-994w1xrhbjq6/s-gf71pjelxz-nak1yt-7q87d9bpfpwf/2zpbrofst81z1n88.o:1: MAJOR:C-O1
./target/debug/incremental/bitwisr-994w1xrhbjq6/s-gf71pjelxz-nak1yt-7q87d9bpfpwf/2zz8ww1abm38jnic.o:1: MAJOR:C-O1
./target/debug/incremental/bitwisr-994w1xrhbjq6/s-gf71pjelxz-nak1yt-7q87d9bpfpwf/31t3y9zxmu5ummyt.o:1: MAJOR:C-O1
./target/debug/incremental/bitwisr-994w1xrhbjq6/s-gf71pjelxz-nak1yt-7q87d9bpfpwf/31wl5uev6buhyzho.o:1: MAJOR:C-O1
./target/debug/incremental/bitwisr-994w1xrhbjq6/s-gf71pjelxz-nak1yt-7q87d9bpfpwf/32higo1apl1p2wo2.o:1: MAJOR:C-O1
./target/debug/incremental/bitwisr-994w1xrhbjq6/s-gf71pjelxz-nak1yt-7q87d9bpfpwf/34abnq60jjsm8b67.o:1: MAJOR:C-O1
./target/debug/incremental/bitwisr-994w1xrhbjq6/s-gf71pjelxz-nak1yt-7q87d9bpfpwf/34nz5zflxtp2haiu.o:1: MAJOR:C-O1
./target/debug/incremental/bitwisr-994w1xrhbjq6/s-gf71pjelxz-nak1yt-7q87d9bpfpwf/35ef01qqxdejidzp.o:1: MAJOR:C-O1
./target/debug/incremental/bitwisr-994w1xrhbjq6/s-gf71pjelxz-nak1yt-7q87d9bpfpwf/37h68o7inxusoeo8.o:1: MAJOR:C-O1
./target/debug/incremental/bitwisr-994w1xrhbjq6/s-gf71pjelxz-nak1yt-7q87d9bpfpwf/37p6jre1fipjoc0j.o:1: MAJOR:C-O1
./target/debug/incremental/bitwisr-994w1xrhbjq6/s-gf71pjelxz-nak1yt-7q87d9bpfpwf/3982s6nyreui0vcr.o:1: MAJOR:C-O1
./target/debug/incremental/bitwisr-994w1xrhbjq6/s-gf71pjelxz-nak1yt-7q87d9bpfpwf/3bkpm8hq7plo8v1k.o:1: MAJOR:C-O1
./target/debug/incremental/bitwisr-994w1xrhbjq6/s-gf71pjelxz-nak1yt-7q87d9bpfpwf/3coe3whpe0jrns3q.o:1: MAJOR:C-O1
./target/debug/incremental/bitwisr-994w1xrhbjq6/s-gf71pjelxz-nak1yt-7q87d9bpfpwf/3fgj0ewyl1l47sag.o:1: MAJOR:C-O1
./target/debug/incremental/bitwisr-994w1xrhbjq6/s-gf71pjelxz-nak1yt-7q87d9bpfpwf/3halrm9k1enpjosr.o:1: MAJOR:C-O1
./target/debug/incremental/bitwisr-994w1xrhbjq6/s-gf71pjelxz-nak1yt-7q87d9bpfpwf/3kc37r41aakv7vq4.o:1: MAJOR:C-O1
./target/debug/incremental/bitwisr-994w1xrhbjq6/s-gf71pjelxz-nak1yt-7q87d9bpfpwf/3kpl7xyn5n4yu99t.o:1: MAJOR:C-O1
./target/debug/incremental/bitwisr-994w1xrhbjq6/s-gf71pjelxz-nak1yt-7q87d9bpfpwf/3p9fnvekcngh7z1.o:1: MAJOR:C-O1
./target/debug/incremental/bitwisr-994w1xrhbjq6/s-gf71pjelxz-nak1yt-7q87d9bpfpwf/3qbopk23lbf3wa3h.o:1: MAJOR:C-O1
./target/debug/incremental/bitwisr-994w1xrhbjq6/s-gf71pjelxz-nak1yt-7q87d9bpfpwf/3qk8jar4067p9lrg.o:1: MAJOR:C-O1
./target/debug/incremental/bitwisr-994w1xrhbjq6/s-gf71pjelxz-nak1yt-7q87d9bpfpwf/3rs9axg3rky3o35.o:1: MAJOR:C-O1
./target/debug/incremental/bitwisr-994w1xrhbjq6/s-gf71pjelxz-nak1yt-7q87d9bpfpwf/3szisb831lbatutq.o:1: MAJOR:C-O1
./target/debug/incremental/bitwisr-994w1xrhbjq6/s-gf71pjelxz-nak1yt-7q87d9bpfpwf/3wtk9jbxy5vtgvxb.o:1: MAJOR:C-O1
./target/debug/incremental/bitwisr-994w1xrhbjq6/s-gf71pjelxz-nak1yt-7q87d9bpfpwf/3y9dwttssogsq92d.o:1: MAJOR:C-O1
./target/debug/incremental/bitwisr-994w1xrhbjq6/s-gf71pjelxz-nak1yt-7q87d9bpfpwf/3yiflf2sh5joyq5j.o:1: MAJOR:C-O1
./target/debug/incremental/bitwisr-994w1xrhbjq6/s-gf71pjelxz-nak1yt-7q87d9bpfpwf/40m26vycnk3uvbde.o:1: MAJOR:C-O1
./target/debug/incremental/bitwisr-994w1xrhbjq6/s-gf71pjelxz-nak1yt-7q87d9bpfpwf/426g8u120mu61g9y.o:1: MAJOR:C-O1
./target/debug/incremental/bitwisr-994w1xrhbjq6/s-gf71pjelxz-nak1yt-7q87d9bpfpwf/48fiu3mrxkyjj76h.o:1: MAJOR:C-O1
./target/debug/incremental/bitwisr-994w1xrhbjq6/s-gf71pjelxz-nak1yt-7q87d9bpfpwf/4afuq6joolzbsqi3.o:1: MAJOR:C-O1
./target/debug/incremental/bitwisr-994w1xrhbjq6/s-gf71pjelxz-nak1yt-7q87d9bpfpwf/4dg2jp24dzy699hk.o:1: MAJOR:C-O1
./target/debug/incremental/bitwisr-994w1xrhbjq6/s-gf71pjelxz-nak1yt-7q87d9bpfpwf/4do41n7wxsiuc5l1.o:1: MAJOR:C-O1
./target/debug/incremental/bitwisr-994w1xrhbjq6/s-gf71pjelxz-nak1yt-7q87d9bpfpwf/4ijiwvjb6qc8og5k.o:1: MAJOR:C-O1
./target/debug/incremental/bitwisr-994w1xrhbjq6/s-gf71pjelxz-nak1yt-7q87d9bpfpwf/4kq2kegp9un0k6sb.o:1: MAJOR:C-O1
./target/debug/incremental/bitwisr-994w1xrhbjq6/s-gf71pjelxz-nak1yt-7q87d9bpfpwf/4lcbs9hfov4uotxw.o:1: MAJOR:C-O1
./target/debug/incremental/bitwisr-994w1xrhbjq6/s-gf71pjelxz-nak1yt-7q87d9bpfpwf/4lmia0fop0qq0n6m.o:1: MAJOR:C-O1
./target/debug/incremental/bitwisr-994w1xrhbjq6/s-gf71pjelxz-nak1yt-7q87d9bpfpwf/4qqcsa1178ojygoh.o:1: MAJOR:C-O1
./target/debug/incremental/bitwisr-994w1xrhbjq6/s-gf71pjelxz-nak1yt-7q87d9bpfpwf/4t572nnqmz9x64ya.o:1: MAJOR:C-O1
./target/debug/incremental/bitwisr-994w1xrhbjq6/s-gf71pjelxz-nak1yt-7q87d9bpfpwf/4y3cn6s6v93axe2m.o:1: MAJOR:C-O1
./target/debug/incremental/bitwisr-994w1xrhbjq6/s-gf71pjelxz-nak1yt-7q87d9bpfpwf/4yinoqdvwzp5gwtz.o:1: MAJOR:C-O1
./target/debug/incremental/bitwisr-994w1xrhbjq6/s-gf71pjelxz-nak1yt-7q87d9bpfpwf/50vpalxml1nxty8j.o:1: MAJOR:C-O1
./target/debug/incremental/bitwisr-994w1xrhbjq6/s-gf71pjelxz-nak1yt-7q87d9bpfpwf/5362h6m4p3r03gkg.o:1: MAJOR:C-O1
./target/debug/incremental/bitwisr-994w1xrhbjq6/s-gf71pjelxz-nak1yt-7q87d9bpfpwf/53c3k4kevuxewisz.o:1: MAJOR:C-O1
./target/debug/incremental/bitwisr-994w1xrhbjq6/s-gf71pjelxz-nak1yt-7q87d9bpfpwf/56pml2zu1pyelnns.o:1: MAJOR:C-O1
./target/debug/incremental/bitwisr-994w1xrhbjq6/s-gf71pjelxz-nak1yt-7q87d9bpfpwf/59430zfpzx20ngjd.o:1: MAJOR:C-O1
./target/debug/incremental/bitwisr-994w1xrhbjq6/s-gf71pjelxz-nak1yt-7q87d9bpfpwf/59c0fvr0n26q89be.o:1: MAJOR:C-O1
./target/debug/incremental/bitwisr-994w1xrhbjq6/s-gf71pjelxz-nak1yt-7q87d9bpfpwf/59jyhf20tg2bmg34.o:1: MAJOR:C-O1
./target/debug/incremental/bitwisr-994w1xrhbjq6/s-gf71pjelxz-nak1yt-7q87d9bpfpwf/59s0rgp68zep2o4w.o:1: MAJOR:C-O1
./target/debug/incremental/bitwisr-994w1xrhbjq6/s-gf71pjelxz-nak1yt-7q87d9bpfpwf/5bstxqhj8vcq794g.o:1: MAJOR:C-O1
./target/debug/incremental/bitwisr-994w1xrhbjq6/s-gf71pjelxz-nak1yt-7q87d9bpfpwf/5co04tdwk9xr5n6h.o:1: MAJOR:C-O1
./target/debug/incremental/bitwisr-994w1xrhbjq6/s-gf71pjelxz-nak1yt-7q87d9bpfpwf/5cst94sr1y4bul0g.o:1: MAJOR:C-O1
./target/debug/incremental/bitwisr-994w1xrhbjq6/s-gf71pjelxz-nak1yt-7q87d9bpfpwf/5ex7r851acpes0a5.o:1: MAJOR:C-O1
./target/debug/incremental/bitwisr-994w1xrhbjq6/s-gf71pjelxz-nak1yt-7q87d9bpfpwf/5tekxopfy0ddnax.o:1: MAJOR:C-O1
./target/debug/incremental/bitwisr-994w1xrhbjq6/s-gf71pjelxz-nak1yt-7q87d9bpfpwf/7jj72qv7btkd6pm.o:1: MAJOR:C-O1
./target/debug/incremental/bitwisr-994w1xrhbjq6/s-gf71pjelxz-nak1yt-7q87d9bpfpwf/b3ess415rajz1e9.o:1: MAJOR:C-O1
./target/debug/incremental/bitwisr-994w1xrhbjq6/s-gf71pjelxz-nak1yt-7q87d9bpfpwf/bt9355v97kbejpm.o:1: MAJOR:C-O1
./target/debug/incremental/bitwisr-994w1xrhbjq6/s-gf71pjelxz-nak1yt-7q87d9bpfpwf/bu3iz8il0vxgu8m.o:1: MAJOR:C-O1
./target/debug/incremental/bitwisr-994w1xrhbjq6/s-gf71pjelxz-nak1yt-7q87d9bpfpwf/d8iznsdmmzoaypg.o:1: MAJOR:C-O1
./target/debug/incremental/bitwisr-994w1xrhbjq6/s-gf71pjelxz-nak1yt-7q87d9bpfpwf/glb1e7lewqwshis.o:1: MAJOR:C-O1
./target/debug/incremental/bitwisr-994w1xrhbjq6/s-gf71pjelxz-nak1yt-7q87d9bpfpwf/n1wjd0juos6m4j0.o:1: MAJOR:C-O1
./target/debug/incremental/bitwisr-994w1xrhbjq6/s-gf71pjelxz-nak1yt-7q87d9bpfpwf/n1zwm4j04h7sty8.o:1: MAJOR:C-O1
./target/debug/incremental/bitwisr-994w1xrhbjq6/s-gf71pjelxz-nak1yt-7q87d9bpfpwf/p2up3kdnl0f3b5v.o:1: MAJOR:C-O1
./target/debug/incremental/bitwisr-994w1xrhbjq6/s-gf71pjelxz-nak1yt-7q87d9bpfpwf/s2hmi3tajyandzv.o:1: MAJOR:C-O1
./target/debug/incremental/bitwisr-994w1xrhbjq6/s-gf71pjelxz-nak1yt-7q87d9bpfpwf/smfpvyg2pasryfa.o:1: MAJOR:C-O1
./target/debug/incremental/bitwisr-994w1xrhbjq6/s-gf71pjelxz-nak1yt-7q87d9bpfpwf/tl2d7ok1ctzx13y.o:1: MAJOR:C-O1
./target/debug/incremental/bitwisr-994w1xrhbjq6/s-gf71pjelxz-nak1yt-7q87d9bpfpwf/tn8ldhlukifg5ww.o:1: MAJOR:C-O1
./target/debug/incremental/bitwisr-994w1xrhbjq6/s-gf71pjelxz-nak1yt-7q87d9bpfpwf/vv9hw5u1iyuoaww.o:1: MAJOR:C-O1
./target/debug/incremental/bitwisr-e2qffhgz9dpl/s-ggkp47lmui-1ul05um-35povdo200hc7/14viyemncvx35c1z.o:1: MAJOR:C-O1
./target/debug/incremental/bitwisr-e2qffhgz9dpl/s-ggkp47lmui-1ul05um-35povdo200hc7/16ljh8axx06ajkfs.o:1: MAJOR:C-O1
./target/debug/incremental/bitwisr-e2qffhgz9dpl/s-ggkp47lmui-1ul05um-35povdo200hc7/16smj1ilgwzl6lea.o:1: MAJOR:C-O1
./target/debug/incremental/bitwisr-e2qffhgz9dpl/s-ggkp47lmui-1ul05um-35povdo200hc7/1750h597t3hp6cjr.o:1: MAJOR:C-O1
./target/debug/incremental/bitwisr-e2qffhgz9dpl/s-ggkp47lmui-1ul05um-35povdo200hc7/188h5yfl7x0thctf.o:1: MAJOR:C-O1
./target/debug/incremental/bitwisr-e2qffhgz9dpl/s-ggkp47lmui-1ul05um-35povdo200hc7/1cxrftxr0vmth9ie.o:1: MAJOR:C-O1
./target/debug/incremental/bitwisr-e2qffhgz9dpl/s-ggkp47lmui-1ul05um-35povdo200hc7/1fpiqwaj4imz7i34.o:1: MAJOR:C-O1
./target/debug/incremental/bitwisr-e2qffhgz9dpl/s-ggkp47lmui-1ul05um-35povdo200hc7/1fqz2mfvnw30n2cx.o:1: MAJOR:C-O1
./target/debug/incremental/bitwisr-e2qffhgz9dpl/s-ggkp47lmui-1ul05um-35povdo200hc7/1mi399zh7y5chlyl.o:1: MAJOR:C-O1
./target/debug/incremental/bitwisr-e2qffhgz9dpl/s-ggkp47lmui-1ul05um-35povdo200hc7/1s1xt5c6afkwuqev.o:1: MAJOR:C-O1
./target/debug/incremental/bitwisr-e2qffhgz9dpl/s-ggkp47lmui-1ul05um-35povdo200hc7/1smlm2uagq1xzcks.o:1: MAJOR:C-O1
./target/debug/incremental/bitwisr-e2qffhgz9dpl/s-ggkp47lmui-1ul05um-35povdo200hc7/1u90zskv5tnebu72.o:1: MAJOR:C-O1
./target/debug/incremental/bitwisr-e2qffhgz9dpl/s-ggkp47lmui-1ul05um-35povdo200hc7/1ulbvxbdh9wv8a0k.o:1: MAJOR:C-O1
./target/debug/incremental/bitwisr-e2qffhgz9dpl/s-ggkp47lmui-1ul05um-35povdo200hc7/1y239icwcgjxmkxn.o:1: MAJOR:C-O1
./target/debug/incremental/bitwisr-e2qffhgz9dpl/s-ggkp47lmui-1ul05um-35povdo200hc7/1z02n26iweo42qfi.o:1: MAJOR:C-O1
./target/debug/incremental/bitwisr-e2qffhgz9dpl/s-ggkp47lmui-1ul05um-35povdo200hc7/1zcyryo9mi7mwomr.o:1: MAJOR:C-O1
./target/debug/incremental/bitwisr-e2qffhgz9dpl/s-ggkp47lmui-1ul05um-35povdo200hc7/22c9h2qx7q6ieqzw.o:1: MAJOR:C-O1
./target/debug/incremental/bitwisr-e2qffhgz9dpl/s-ggkp47lmui-1ul05um-35povdo200hc7/25knp5q0zy8i25z5.o:1: MAJOR:C-O1
./target/debug/incremental/bitwisr-e2qffhgz9dpl/s-ggkp47lmui-1ul05um-35povdo200hc7/277kaik4kgthqy18.o:1: MAJOR:C-O1
./target/debug/incremental/bitwisr-e2qffhgz9dpl/s-ggkp47lmui-1ul05um-35povdo200hc7/2793iyjulpi0lpx8.o:1: MAJOR:C-O1
./target/debug/incremental/bitwisr-e2qffhgz9dpl/s-ggkp47lmui-1ul05um-35povdo200hc7/28xa0do7oapclgsg.o:1: MAJOR:C-O1
./target/debug/incremental/bitwisr-e2qffhgz9dpl/s-ggkp47lmui-1ul05um-35povdo200hc7/2aor57qe1jux3yqd.o:1: MAJOR:C-O1
./target/debug/incremental/bitwisr-e2qffhgz9dpl/s-ggkp47lmui-1ul05um-35povdo200hc7/2azf2nsn3ki8lyx4.o:1: MAJOR:C-O1
./target/debug/incremental/bitwisr-e2qffhgz9dpl/s-ggkp47lmui-1ul05um-35povdo200hc7/2ihoosfnz8fo31e4.o:1: MAJOR:C-O1
./target/debug/incremental/bitwisr-e2qffhgz9dpl/s-ggkp47lmui-1ul05um-35povdo200hc7/2m6hi69rxnznn1tn.o:1: MAJOR:C-O1
./target/debug/incremental/bitwisr-e2qffhgz9dpl/s-ggkp47lmui-1ul05um-35povdo200hc7/2mzkvlaz9tx123bz.o:1: MAJOR:C-O1
./target/debug/incremental/bitwisr-e2qffhgz9dpl/s-ggkp47lmui-1ul05um-35povdo200hc7/2na5wkc896lohbpm.o:1: MAJOR:C-O1
./target/debug/incremental/bitwisr-e2qffhgz9dpl/s-ggkp47lmui-1ul05um-35povdo200hc7/2nwptgm53y6fyi1l.o:1: MAJOR:C-O1
./target/debug/incremental/bitwisr-e2qffhgz9dpl/s-ggkp47lmui-1ul05um-35povdo200hc7/2qsuzcpr263ckly9.o:1: MAJOR:C-O1
./target/debug/incremental/bitwisr-e2qffhgz9dpl/s-ggkp47lmui-1ul05um-35povdo200hc7/2sbf59xf5pnmkv0t.o:1: MAJOR:C-O1
./target/debug/incremental/bitwisr-e2qffhgz9dpl/s-ggkp47lmui-1ul05um-35povdo200hc7/2w3jgfhgwy6rvxd6.o:1: MAJOR:C-O1
./target/debug/incremental/bitwisr-e2qffhgz9dpl/s-ggkp47lmui-1ul05um-35povdo200hc7/2wpkl91leufrr75w.o:1: MAJOR:C-O1
./target/debug/incremental/bitwisr-e2qffhgz9dpl/s-ggkp47lmui-1ul05um-35povdo200hc7/2xoackaskibu1mkp.o:1: MAJOR:C-O1
./target/debug/incremental/bitwisr-e2qffhgz9dpl/s-ggkp47lmui-1ul05um-35povdo200hc7/2xs4fcn0kgvfxk3n.o:1: MAJOR:C-O1
./target/debug/incremental/bitwisr-e2qffhgz9dpl/s-ggkp47lmui-1ul05um-35povdo200hc7/32ucdckgfpnd3sgp.o:1: MAJOR:C-O1
./target/debug/incremental/bitwisr-e2qffhgz9dpl/s-ggkp47lmui-1ul05um-35povdo200hc7/37k3wnlvuh94lcut.o:1: MAJOR:C-O1
./target/debug/incremental/bitwisr-e2qffhgz9dpl/s-ggkp47lmui-1ul05um-35povdo200hc7/37sqzwi4k0q5pwib.o:1: MAJOR:C-O1
./target/debug/incremental/bitwisr-e2qffhgz9dpl/s-ggkp47lmui-1ul05um-35povdo200hc7/37wpsodx5g54hwgi.o:1: MAJOR:C-O1
./target/debug/incremental/bitwisr-e2qffhgz9dpl/s-ggkp47lmui-1ul05um-35povdo200hc7/38sqjwyiwrtil62s.o:1: MAJOR:C-O1
./target/debug/incremental/bitwisr-e2qffhgz9dpl/s-ggkp47lmui-1ul05um-35povdo200hc7/3d68miov0pqwf4fu.o:1: MAJOR:C-O1
./target/debug/incremental/bitwisr-e2qffhgz9dpl/s-ggkp47lmui-1ul05um-35povdo200hc7/3esdkem8ae7qb6e.o:1: MAJOR:C-O1
./target/debug/incremental/bitwisr-e2qffhgz9dpl/s-ggkp47lmui-1ul05um-35povdo200hc7/3gqcyk1tuvw07d3b.o:1: MAJOR:C-O1
./target/debug/incremental/bitwisr-e2qffhgz9dpl/s-ggkp47lmui-1ul05um-35povdo200hc7/3in5q552pnsb655f.o:1: MAJOR:C-O1
./target/debug/incremental/bitwisr-e2qffhgz9dpl/s-ggkp47lmui-1ul05um-35povdo200hc7/3ly50a2arjag0bir.o:1: MAJOR:C-O1
./target/debug/incremental/bitwisr-e2qffhgz9dpl/s-ggkp47lmui-1ul05um-35povdo200hc7/3r6tzk6xmy80h3dh.o:1: MAJOR:C-O1
./target/debug/incremental/bitwisr-e2qffhgz9dpl/s-ggkp47lmui-1ul05um-35povdo200hc7/3s57bstrk1lnh36a.o:1: MAJOR:C-O1
./target/debug/incremental/bitwisr-e2qffhgz9dpl/s-ggkp47lmui-1ul05um-35povdo200hc7/3sc5vinh098fn74c.o:1: MAJOR:C-O1
./target/debug/incremental/bitwisr-e2qffhgz9dpl/s-ggkp47lmui-1ul05um-35povdo200hc7/3umzdyzn9q8jxugk.o:1: MAJOR:C-O1
./target/debug/incremental/bitwisr-e2qffhgz9dpl/s-ggkp47lmui-1ul05um-35povdo200hc7/3upd9tr1w8mdgkia.o:1: MAJOR:C-O1
./target/debug/incremental/bitwisr-e2qffhgz9dpl/s-ggkp47lmui-1ul05um-35povdo200hc7/3va736qcrodqmx73.o:1: MAJOR:C-O1
./target/debug/incremental/bitwisr-e2qffhgz9dpl/s-ggkp47lmui-1ul05um-35povdo200hc7/3y2p9ao0v2vcyirn.o:1: MAJOR:C-O1
./target/debug/incremental/bitwisr-e2qffhgz9dpl/s-ggkp47lmui-1ul05um-35povdo200hc7/40n4s23e59mmx1q3.o:1: MAJOR:C-O1
./target/debug/incremental/bitwisr-e2qffhgz9dpl/s-ggkp47lmui-1ul05um-35povdo200hc7/415k4iyhmeoq2tb3.o:1: MAJOR:C-O1
./target/debug/incremental/bitwisr-e2qffhgz9dpl/s-ggkp47lmui-1ul05um-35povdo200hc7/436yk4i5zkl60tu5.o:1: MAJOR:C-O1
./target/debug/incremental/bitwisr-e2qffhgz9dpl/s-ggkp47lmui-1ul05um-35povdo200hc7/48jgqxisxua8rt4k.o:1: MAJOR:C-O1
./target/debug/incremental/bitwisr-e2qffhgz9dpl/s-ggkp47lmui-1ul05um-35povdo200hc7/48z8pe918h7i6pr8.o:1: MAJOR:C-O1
./target/debug/incremental/bitwisr-e2qffhgz9dpl/s-ggkp47lmui-1ul05um-35povdo200hc7/4azydsvnfj75m0be.o:1: MAJOR:C-O1
./target/debug/incremental/bitwisr-e2qffhgz9dpl/s-ggkp47lmui-1ul05um-35povdo200hc7/4grj5oyf7205mg36.o:1: MAJOR:C-O1
./target/debug/incremental/bitwisr-e2qffhgz9dpl/s-ggkp47lmui-1ul05um-35povdo200hc7/4hqfs3unrc8fhsva.o:1: MAJOR:C-O1
./target/debug/incremental/bitwisr-e2qffhgz9dpl/s-ggkp47lmui-1ul05um-35povdo200hc7/4qk6yaoxf4hzh5gm.o:1: MAJOR:C-O1
./target/debug/incremental/bitwisr-e2qffhgz9dpl/s-ggkp47lmui-1ul05um-35povdo200hc7/4sxjvtv00rau9iy1.o:1: MAJOR:C-O1
./target/debug/incremental/bitwisr-e2qffhgz9dpl/s-ggkp47lmui-1ul05um-35povdo200hc7/4vthfk0rzschsjpz.o:1: MAJOR:C-O1
./target/debug/incremental/bitwisr-e2qffhgz9dpl/s-ggkp47lmui-1ul05um-35povdo200hc7/4wxfxicw80h7rhuz.o:1: MAJOR:C-O1
./target/debug/incremental/bitwisr-e2qffhgz9dpl/s-ggkp47lmui-1ul05um-35povdo200hc7/58mzydhwnfat26kq.o:1: MAJOR:C-O1
./target/debug/incremental/bitwisr-e2qffhgz9dpl/s-ggkp47lmui-1ul05um-35povdo200hc7/5ai8s3pda2w09clr.o:1: MAJOR:C-O1
./target/debug/incremental/bitwisr-e2qffhgz9dpl/s-ggkp47lmui-1ul05um-35povdo200hc7/6fp0fs19fow075k.o:1: MAJOR:C-O1
./target/debug/incremental/bitwisr-e2qffhgz9dpl/s-ggkp47lmui-1ul05um-35povdo200hc7/aa08znnjeuu1yj2.o:1: MAJOR:C-O1
./target/debug/incremental/bitwisr-e2qffhgz9dpl/s-ggkp47lmui-1ul05um-35povdo200hc7/bmsow3bu226ytgr.o:1: MAJOR:C-O1
./target/debug/incremental/bitwisr-e2qffhgz9dpl/s-ggkp47lmui-1ul05um-35povdo200hc7/dqodgfj742fn430.o:1: MAJOR:C-O1
./target/debug/incremental/bitwisr-e2qffhgz9dpl/s-ggkp47lmui-1ul05um-35povdo200hc7/e5afrptrzi1umcx.o:1: MAJOR:C-O1
./target/debug/incremental/bitwisr-e2qffhgz9dpl/s-ggkp47lmui-1ul05um-35povdo200hc7/o5be8bu91brykzf.o:1: MAJOR:C-O1
./target/debug/incremental/bitwisr-e2qffhgz9dpl/s-ggkp47lmui-1ul05um-35povdo200hc7/oiwbqst2a45j40d.o:1: MAJOR:C-O1
./target/debug/incremental/bitwisr-e2qffhgz9dpl/s-ggkp47lmui-1ul05um-35povdo200hc7/pt5dpwtdzzbd0tq.o:1: MAJOR:C-O1
./target/debug/incremental/bitwisr-e2qffhgz9dpl/s-ggkp47lmui-1ul05um-35povdo200hc7/t32dj8dl583dno8.o:1: MAJOR:C-O1
./target/debug/incremental/bitwisr-e2qffhgz9dpl/s-ggkp47lmui-1ul05um-35povdo200hc7/tlwsrobmf9j6s70.o:1: MAJOR:C-O1
./target/debug/incremental/bitwisr-e2qffhgz9dpl/s-ggkp47lmui-1ul05um-35povdo200hc7/v8f0kcrynu42mdo.o:1: MAJOR:C-O1
./target/debug/incremental/operations_tests-17rux8rrxh8nf/s-ggkp47ln3j-1e2kjfk-39yyuwwlf5yiz/10i0zhdulqmxa8rh.o:1: MAJOR:C-O1
./target/debug/incremental/operations_tests-17rux8rrxh8nf/s-ggkp47ln3j-1e2kjfk-39yyuwwlf5yiz/11idsskbsx31xmec.o:1: MAJOR:C-O1
./target/debug/incremental/operations_tests-17rux8rrxh8nf/s-ggkp47ln3j-1e2kjfk-39yyuwwlf5yiz/13k4mjxtrcg2n44z.o:1: MAJOR:C-O1
./target/debug/incremental/operations_tests-17rux8rrxh8nf/s-ggkp47ln3j-1e2kjfk-39yyuwwlf5yiz/18849j9x7zmnbb1r.o:1: MAJOR:C-O1
./target/debug/incremental/operations_tests-17rux8rrxh8nf/s-ggkp47ln3j-1e2kjfk-39yyuwwlf5yiz/19z5ainyljgr763j.o:1: MAJOR:C-O1
./target/debug/incremental/operations_tests-17rux8rrxh8nf/s-ggkp47ln3j-1e2kjfk-39yyuwwlf5yiz/1dacwxzv3fyleuul.o:1: MAJOR:C-O1
./target/debug/incremental/operations_tests-17rux8rrxh8nf/s-ggkp47ln3j-1e2kjfk-39yyuwwlf5yiz/1dc9piu31zspbbm9.o:1: MAJOR:C-O1
./target/debug/incremental/operations_tests-17rux8rrxh8nf/s-ggkp47ln3j-1e2kjfk-39yyuwwlf5yiz/1eqejeu6i0biuo58.o:1: MAJOR:C-O1
./target/debug/incremental/operations_tests-17rux8rrxh8nf/s-ggkp47ln3j-1e2kjfk-39yyuwwlf5yiz/1flz0ady603nfb79.o:1: MAJOR:C-O1
./target/debug/incremental/operations_tests-17rux8rrxh8nf/s-ggkp47ln3j-1e2kjfk-39yyuwwlf5yiz/1hjqv7ddszi3db99.o:1: MAJOR:C-O1
./target/debug/incremental/operations_tests-17rux8rrxh8nf/s-ggkp47ln3j-1e2kjfk-39yyuwwlf5yiz/1kn783e7acj0vtrr.o:1: MAJOR:C-O1
./target/debug/incremental/operations_tests-17rux8rrxh8nf/s-ggkp47ln3j-1e2kjfk-39yyuwwlf5yiz/1lmv93qmi7sfp9ei.o:1: MAJOR:C-O1
./target/debug/incremental/operations_tests-17rux8rrxh8nf/s-ggkp47ln3j-1e2kjfk-39yyuwwlf5yiz/1obfzb7w47zhv6c9.o:1: MAJOR:C-O1
./target/debug/incremental/operations_tests-17rux8rrxh8nf/s-ggkp47ln3j-1e2kjfk-39yyuwwlf5yiz/1s3huvyrivn92c15.o:1: MAJOR:C-O1
./target/debug/incremental/operations_tests-17rux8rrxh8nf/s-ggkp47ln3j-1e2kjfk-39yyuwwlf5yiz/1uoekvcznkyio517.o:1: MAJOR:C-O1
./target/debug/incremental/operations_tests-17rux8rrxh8nf/s-ggkp47ln3j-1e2kjfk-39yyuwwlf5yiz/1vibrod8cblu7rvb.o:1: MAJOR:C-O1
./target/debug/incremental/operations_tests-17rux8rrxh8nf/s-ggkp47ln3j-1e2kjfk-39yyuwwlf5yiz/20nkqetlpfm757eu.o:1: MAJOR:C-O1
./target/debug/incremental/operations_tests-17rux8rrxh8nf/s-ggkp47ln3j-1e2kjfk-39yyuwwlf5yiz/22tq6ij5jd7jtd7x.o:1: MAJOR:C-O1
./target/debug/incremental/operations_tests-17rux8rrxh8nf/s-ggkp47ln3j-1e2kjfk-39yyuwwlf5yiz/2ao6kheijo6b5daz.o:1: MAJOR:C-O1
./target/debug/incremental/operations_tests-17rux8rrxh8nf/s-ggkp47ln3j-1e2kjfk-39yyuwwlf5yiz/2bijmgz91z8m1m59.o:1: MAJOR:C-O1
./target/debug/incremental/operations_tests-17rux8rrxh8nf/s-ggkp47ln3j-1e2kjfk-39yyuwwlf5yiz/2camqx0jxgn7407n.o:1: MAJOR:C-O1
./target/debug/incremental/operations_tests-17rux8rrxh8nf/s-ggkp47ln3j-1e2kjfk-39yyuwwlf5yiz/2f3l5kpycevapycz.o:1: MAJOR:C-O1
./target/debug/incremental/operations_tests-17rux8rrxh8nf/s-ggkp47ln3j-1e2kjfk-39yyuwwlf5yiz/2g5df3qjg7d5osxf.o:1: MAJOR:C-O1
./target/debug/incremental/operations_tests-17rux8rrxh8nf/s-ggkp47ln3j-1e2kjfk-39yyuwwlf5yiz/2guote04tnxsx1h7.o:1: MAJOR:C-O1
./target/debug/incremental/operations_tests-17rux8rrxh8nf/s-ggkp47ln3j-1e2kjfk-39yyuwwlf5yiz/2ivmeqfwvc82gsrb.o:1: MAJOR:C-O1
./target/debug/incremental/operations_tests-17rux8rrxh8nf/s-ggkp47ln3j-1e2kjfk-39yyuwwlf5yiz/2jxdb2eslwgnteqf.o:1: MAJOR:C-O1
./target/debug/incremental/operations_tests-17rux8rrxh8nf/s-ggkp47ln3j-1e2kjfk-39yyuwwlf5yiz/2tk5xumm9ancktcj.o:1: MAJOR:C-O1
./target/debug/incremental/operations_tests-17rux8rrxh8nf/s-ggkp47ln3j-1e2kjfk-39yyuwwlf5yiz/2zj2u9031mrnqrxt.o:1: MAJOR:C-O1
./target/debug/incremental/operations_tests-17rux8rrxh8nf/s-ggkp47ln3j-1e2kjfk-39yyuwwlf5yiz/300746d79ffqgigb.o:1: MAJOR:C-O1
./target/debug/incremental/operations_tests-17rux8rrxh8nf/s-ggkp47ln3j-1e2kjfk-39yyuwwlf5yiz/325wh3iu2rldeib1.o:1: MAJOR:C-O1
./target/debug/incremental/operations_tests-17rux8rrxh8nf/s-ggkp47ln3j-1e2kjfk-39yyuwwlf5yiz/366obe25jqbyluhx.o:1: MAJOR:C-O1
./target/debug/incremental/operations_tests-17rux8rrxh8nf/s-ggkp47ln3j-1e2kjfk-39yyuwwlf5yiz/36l2y9iyr2728v7c.o:1: MAJOR:C-O1
./target/debug/incremental/operations_tests-17rux8rrxh8nf/s-ggkp47ln3j-1e2kjfk-39yyuwwlf5yiz/3bgqeqtn5cxouza1.o:1: MAJOR:C-O1
./target/debug/incremental/operations_tests-17rux8rrxh8nf/s-ggkp47ln3j-1e2kjfk-39yyuwwlf5yiz/3btd8u9wd8k0yh4f.o:1: MAJOR:C-O1
./target/debug/incremental/operations_tests-17rux8rrxh8nf/s-ggkp47ln3j-1e2kjfk-39yyuwwlf5yiz/3d5w8ny5awcr351j.o:1: MAJOR:C-O1
./target/debug/incremental/operations_tests-17rux8rrxh8nf/s-ggkp47ln3j-1e2kjfk-39yyuwwlf5yiz/3k5t0m1w43rab9gw.o:1: MAJOR:C-O1
./target/debug/incremental/operations_tests-17rux8rrxh8nf/s-ggkp47ln3j-1e2kjfk-39yyuwwlf5yiz/3mfgqkyj8xlvx7zz.o:1: MAJOR:C-O1
./target/debug/incremental/operations_tests-17rux8rrxh8nf/s-ggkp47ln3j-1e2kjfk-39yyuwwlf5yiz/3nb99oir213w8yk3.o:1: MAJOR:C-O1
./target/debug/incremental/operations_tests-17rux8rrxh8nf/s-ggkp47ln3j-1e2kjfk-39yyuwwlf5yiz/3ngkvmeid9hhb4sc.o:1: MAJOR:C-O1
./target/debug/incremental/operations_tests-17rux8rrxh8nf/s-ggkp47ln3j-1e2kjfk-39yyuwwlf5yiz/3o66h4ht2tdw9c3e.o:1: MAJOR:C-O1
./target/debug/incremental/operations_tests-17rux8rrxh8nf/s-ggkp47ln3j-1e2kjfk-39yyuwwlf5yiz/3phfkej6u0pmijsb.o:1: MAJOR:C-O1
./target/debug/incremental/operations_tests-17rux8rrxh8nf/s-ggkp47ln3j-1e2kjfk-39yyuwwlf5yiz/3vo7lei3r8qewr8t.o:1: MAJOR:C-O1
./target/debug/incremental/operations_tests-17rux8rrxh8nf/s-ggkp47ln3j-1e2kjfk-39yyuwwlf5yiz/3vzka9o2p0g4ubnl.o:1: MAJOR:C-O1
./target/debug/incremental/operations_tests-17rux8rrxh8nf/s-ggkp47ln3j-1e2kjfk-39yyuwwlf5yiz/3xt061kcpigkyzyz.o:1: MAJOR:C-O1
./target/debug/incremental/operations_tests-17rux8rrxh8nf/s-ggkp47ln3j-1e2kjfk-39yyuwwlf5yiz/408kdozz3apqs6bw.o:1: MAJOR:C-O1
./target/debug/incremental/operations_tests-17rux8rrxh8nf/s-ggkp47ln3j-1e2kjfk-39yyuwwlf5yiz/40cpm8dqjh2tkigl.o:1: MAJOR:C-O1
./target/debug/incremental/operations_tests-17rux8rrxh8nf/s-ggkp47ln3j-1e2kjfk-39yyuwwlf5yiz/43r71t4i94fvz66k.o:1: MAJOR:C-O1
./target/debug/incremental/operations_tests-17rux8rrxh8nf/s-ggkp47ln3j-1e2kjfk-39yyuwwlf5yiz/44nhrg0b9sbr421z.o:1: MAJOR:C-O1
./target/debug/incremental/operations_tests-17rux8rrxh8nf/s-ggkp47ln3j-1e2kjfk-39yyuwwlf5yiz/48o904gc6qu9i65a.o:1: MAJOR:C-O1
./target/debug/incremental/operations_tests-17rux8rrxh8nf/s-ggkp47ln3j-1e2kjfk-39yyuwwlf5yiz/4afpkjmika32zc8f.o:1: MAJOR:C-O1
./target/debug/incremental/operations_tests-17rux8rrxh8nf/s-ggkp47ln3j-1e2kjfk-39yyuwwlf5yiz/4jvf4tmomb19ab0z.o:1: MAJOR:C-O1
./target/debug/incremental/operations_tests-17rux8rrxh8nf/s-ggkp47ln3j-1e2kjfk-39yyuwwlf5yiz/4rmwfknfw49xg6lo.o:1: MAJOR:C-O1
./target/debug/incremental/operations_tests-17rux8rrxh8nf/s-ggkp47ln3j-1e2kjfk-39yyuwwlf5yiz/4rxi1woe9hbg17js.o:1: MAJOR:C-O1
./target/debug/incremental/operations_tests-17rux8rrxh8nf/s-ggkp47ln3j-1e2kjfk-39yyuwwlf5yiz/4wcjz8ix607t5eic.o:1: MAJOR:C-O1
./target/debug/incremental/operations_tests-17rux8rrxh8nf/s-ggkp47ln3j-1e2kjfk-39yyuwwlf5yiz/4x6w96o9jw0u0fes.o:1: MAJOR:C-O1
./target/debug/incremental/operations_tests-17rux8rrxh8nf/s-ggkp47ln3j-1e2kjfk-39yyuwwlf5yiz/4yrzrwfrlszxwk8q.o:1: MAJOR:C-O1
./target/debug/incremental/operations_tests-17rux8rrxh8nf/s-ggkp47ln3j-1e2kjfk-39yyuwwlf5yiz/53i4hviehttm7sdg.o:1: MAJOR:C-O1
./target/debug/incremental/operations_tests-17rux8rrxh8nf/s-ggkp47ln3j-1e2kjfk-39yyuwwlf5yiz/5680trz6jajezunx.o:1: MAJOR:C-O1
./target/debug/incremental/operations_tests-17rux8rrxh8nf/s-ggkp47ln3j-1e2kjfk-39yyuwwlf5yiz/5erd9irbttzghr7i.o:1: MAJOR:C-O1
./target/debug/incremental/operations_tests-17rux8rrxh8nf/s-ggkp47ln3j-1e2kjfk-39yyuwwlf5yiz/5euj1ju6ddaoijib.o:1: MAJOR:C-O1
./target/debug/incremental/operations_tests-17rux8rrxh8nf/s-ggkp47ln3j-1e2kjfk-39yyuwwlf5yiz/5wimnk22he6qkt9.o:1: MAJOR:C-O1
./target/debug/incremental/operations_tests-17rux8rrxh8nf/s-ggkp47ln3j-1e2kjfk-39yyuwwlf5yiz/90j1qj8fin81uot.o:1: MAJOR:C-O1
./target/debug/incremental/operations_tests-17rux8rrxh8nf/s-ggkp47ln3j-1e2kjfk-39yyuwwlf5yiz/94h150u2i60yzem.o:1: MAJOR:C-O1
./target/debug/incremental/operations_tests-17rux8rrxh8nf/s-ggkp47ln3j-1e2kjfk-39yyuwwlf5yiz/cc7b4znk1ipqh2a.o:1: MAJOR:C-O1
./target/debug/incremental/operations_tests-17rux8rrxh8nf/s-ggkp47ln3j-1e2kjfk-39yyuwwlf5yiz/gmgk6iub2w9k5x4.o:1: MAJOR:C-O1
./target/debug/incremental/operations_tests-17rux8rrxh8nf/s-ggkp47ln3j-1e2kjfk-39yyuwwlf5yiz/i5dtgxoa7jmr4ac.o:1: MAJOR:C-O1
./target/debug/incremental/operations_tests-17rux8rrxh8nf/s-ggkp47ln3j-1e2kjfk-39yyuwwlf5yiz/ic4m155oqhsmkdl.o:1: MAJOR:C-O1
./target/debug/incremental/operations_tests-17rux8rrxh8nf/s-ggkp47ln3j-1e2kjfk-39yyuwwlf5yiz/ilqpsyn0drbvgca.o:1: MAJOR:C-O1
./target/debug/incremental/operations_tests-17rux8rrxh8nf/s-ggkp47ln3j-1e2kjfk-39yyuwwlf5yiz/joe4hlaktcm6e94.o:1: MAJOR:C-O1
./target/debug/incremental/operations_tests-17rux8rrxh8nf/s-ggkp47ln3j-1e2kjfk-39yyuwwlf5yiz/r9d3mqf5sa0qup4.o:1: MAJOR:C-O1
./target/debug/incremental/operations_tests-17rux8rrxh8nf/s-ggkp47ln3j-1e2kjfk-39yyuwwlf5yiz/t9j4c9m65fcl7ls.o:1: MAJOR:C-O1
./target/debug/incremental/operations_tests-17rux8rrxh8nf/s-ggkp47ln3j-1e2kjfk-39yyuwwlf5yiz/tzfqy76q66yxe2c.o:1: MAJOR:C-O1
./target/debug/incremental/operations_tests-17rux8rrxh8nf/s-ggkp47ln3j-1e2kjfk-39yyuwwlf5yiz/vgrni60uozvsl8r.o:1: MAJOR:C-O1
./target/debug/incremental/operations_tests-17rux8rrxh8nf/s-ggkp47ln3j-1e2kjfk-39yyuwwlf5yiz/wp5osfil59ggkfg.o:1: MAJOR:C-O1
./target/debug/incremental/operations_tests-17rux8rrxh8nf/s-ggkp47ln3j-1e2kjfk-39yyuwwlf5yiz/wu1k583ba8wqrph.o:1: MAJOR:C-O1
./target/debug/incremental/operations_tests-8ot3smtra9v7/s-ghwca4sid3-eequjd-snyzj6r7wbne/1efq42bmtyi4tkx4.o:1: MAJOR:C-O1
./target/debug/incremental/operations_tests-8ot3smtra9v7/s-ghwca4sid3-eequjd-snyzj6r7wbne/1ow34mc4rpco6fj4.o:1: MAJOR:C-O1
./target/debug/incremental/operations_tests-8ot3smtra9v7/s-ghwca4sid3-eequjd-snyzj6r7wbne/1r0ebexsb2u0bnkl.o:1: MAJOR:C-O1
./target/debug/incremental/operations_tests-8ot3smtra9v7/s-ghwca4sid3-eequjd-snyzj6r7wbne/41t9obf9hyxaust1.o:1: MAJOR:C-O1
./target/debug/incremental/operations_tests-8ot3smtra9v7/s-ghwca4sid3-eequjd-snyzj6r7wbne/cnfnez1pms1gq31.o:1: MAJOR:C-O1
./target/debug/incremental/operations_tests-f2chdq4goa4o/s-gf71qoolye-1a9dffi-3bzxk0oax29qg/10rgxhyd6kj7ws05.o:1: MAJOR:C-O1
./target/debug/incremental/operations_tests-f2chdq4goa4o/s-gf71qoolye-1a9dffi-3bzxk0oax29qg/12u8l0lorzfmq7z8.o:1: MAJOR:C-O1
./target/debug/incremental/operations_tests-f2chdq4goa4o/s-gf71qoolye-1a9dffi-3bzxk0oax29qg/1594w6rgj4b0m35z.o:1: MAJOR:C-O1
./target/debug/incremental/operations_tests-f2chdq4goa4o/s-gf71qoolye-1a9dffi-3bzxk0oax29qg/18qymq40udjwgu1g.o:1: MAJOR:C-O1
./target/debug/incremental/operations_tests-f2chdq4goa4o/s-gf71qoolye-1a9dffi-3bzxk0oax29qg/19aszt3yz3pd4p9f.o:1: MAJOR:C-O1
./target/debug/incremental/operations_tests-f2chdq4goa4o/s-gf71qoolye-1a9dffi-3bzxk0oax29qg/19m9xzuake77aqli.o:1: MAJOR:C-O1
./target/debug/incremental/operations_tests-f2chdq4goa4o/s-gf71qoolye-1a9dffi-3bzxk0oax29qg/19tp77a473wm88a3.o:1: MAJOR:C-O1
./target/debug/incremental/operations_tests-f2chdq4goa4o/s-gf71qoolye-1a9dffi-3bzxk0oax29qg/1d4mnrstfgs14x4x.o:1: MAJOR:C-O1
./target/debug/incremental/operations_tests-f2chdq4goa4o/s-gf71qoolye-1a9dffi-3bzxk0oax29qg/1fw5xhpq1ogsauny.o:1: MAJOR:C-O1
./target/debug/incremental/operations_tests-f2chdq4goa4o/s-gf71qoolye-1a9dffi-3bzxk0oax29qg/1hlwt5cpgvr0fbe1.o:1: MAJOR:C-O1
./target/debug/incremental/operations_tests-f2chdq4goa4o/s-gf71qoolye-1a9dffi-3bzxk0oax29qg/1iwnrkoibo99k2w0.o:1: MAJOR:C-O1
./target/debug/incremental/operations_tests-f2chdq4goa4o/s-gf71qoolye-1a9dffi-3bzxk0oax29qg/1jiltm176w340zau.o:1: MAJOR:C-O1
./target/debug/incremental/operations_tests-f2chdq4goa4o/s-gf71qoolye-1a9dffi-3bzxk0oax29qg/1ktcd7h35h41erbb.o:1: MAJOR:C-O1
./target/debug/incremental/operations_tests-f2chdq4goa4o/s-gf71qoolye-1a9dffi-3bzxk0oax29qg/1lpaw7trwbhr5bss.o:1: MAJOR:C-O1
./target/debug/incremental/operations_tests-f2chdq4goa4o/s-gf71qoolye-1a9dffi-3bzxk0oax29qg/1m6q0irhwg0re75s.o:1: MAJOR:C-O1
./target/debug/incremental/operations_tests-f2chdq4goa4o/s-gf71qoolye-1a9dffi-3bzxk0oax29qg/1mc3oeel2lytwt0u.o:1: MAJOR:C-O1
./target/debug/incremental/operations_tests-f2chdq4goa4o/s-gf71qoolye-1a9dffi-3bzxk0oax29qg/1n6u4d4ep1qghzzn.o:1: MAJOR:C-O1
./target/debug/incremental/operations_tests-f2chdq4goa4o/s-gf71qoolye-1a9dffi-3bzxk0oax29qg/1nh79tbu7wdqk9zu.o:1: MAJOR:C-O1
./target/debug/incremental/operations_tests-f2chdq4goa4o/s-gf71qoolye-1a9dffi-3bzxk0oax29qg/1pf52znpbj95qvj4.o:1: MAJOR:C-O1
./target/debug/incremental/operations_tests-f2chdq4goa4o/s-gf71qoolye-1a9dffi-3bzxk0oax29qg/1rgxldu6kehudod0.o:1: MAJOR:C-O1
./target/debug/incremental/operations_tests-f2chdq4goa4o/s-gf71qoolye-1a9dffi-3bzxk0oax29qg/1uye1fu2b1tejmwn.o:1: MAJOR:C-O1
./target/debug/incremental/operations_tests-f2chdq4goa4o/s-gf71qoolye-1a9dffi-3bzxk0oax29qg/1vomvof63sw0akqv.o:1: MAJOR:C-O1
./target/debug/incremental/operations_tests-f2chdq4goa4o/s-gf71qoolye-1a9dffi-3bzxk0oax29qg/1zdoh7ritm73szyf.o:1: MAJOR:C-O1
./target/debug/incremental/operations_tests-f2chdq4goa4o/s-gf71qoolye-1a9dffi-3bzxk0oax29qg/2094c3jplfjuyrw1.o:1: MAJOR:C-O1
./target/debug/incremental/operations_tests-f2chdq4goa4o/s-gf71qoolye-1a9dffi-3bzxk0oax29qg/20mcorfzxqlzn9c7.o:1: MAJOR:C-O1
./target/debug/incremental/operations_tests-f2chdq4goa4o/s-gf71qoolye-1a9dffi-3bzxk0oax29qg/23chfint3lmwj5h5.o:1: MAJOR:C-O1
./target/debug/incremental/operations_tests-f2chdq4goa4o/s-gf71qoolye-1a9dffi-3bzxk0oax29qg/28chs3qgvis4s8xx.o:1: MAJOR:C-O1
./target/debug/incremental/operations_tests-f2chdq4goa4o/s-gf71qoolye-1a9dffi-3bzxk0oax29qg/29trixfsy88puvd0.o:1: MAJOR:C-O1
./target/debug/incremental/operations_tests-f2chdq4goa4o/s-gf71qoolye-1a9dffi-3bzxk0oax29qg/2bv1bhf596qczdgp.o:1: MAJOR:C-O1
./target/debug/incremental/operations_tests-f2chdq4goa4o/s-gf71qoolye-1a9dffi-3bzxk0oax29qg/2bvfwpb7j74a4djk.o:1: MAJOR:C-O1
./target/debug/incremental/operations_tests-f2chdq4goa4o/s-gf71qoolye-1a9dffi-3bzxk0oax29qg/2dl2q9j031rchpig.o:1: MAJOR:C-O1
./target/debug/incremental/operations_tests-f2chdq4goa4o/s-gf71qoolye-1a9dffi-3bzxk0oax29qg/2fa7h8qdp4baqyo0.o:1: MAJOR:C-O1
./target/debug/incremental/operations_tests-f2chdq4goa4o/s-gf71qoolye-1a9dffi-3bzxk0oax29qg/2i5ynp4x12yzvhy3.o:1: MAJOR:C-O1
./target/debug/incremental/operations_tests-f2chdq4goa4o/s-gf71qoolye-1a9dffi-3bzxk0oax29qg/2ixywr8kzug0jnkg.o:1: MAJOR:C-O1
./target/debug/incremental/operations_tests-f2chdq4goa4o/s-gf71qoolye-1a9dffi-3bzxk0oax29qg/2ojio0rola0sn7jv.o:1: MAJOR:C-O1
./target/debug/incremental/operations_tests-f2chdq4goa4o/s-gf71qoolye-1a9dffi-3bzxk0oax29qg/2ou3hlnlfohjpd19.o:1: MAJOR:C-O1
./target/debug/incremental/operations_tests-f2chdq4goa4o/s-gf71qoolye-1a9dffi-3bzxk0oax29qg/2rqdzucg3npp0ghg.o:1: MAJOR:C-O1
./target/debug/incremental/operations_tests-f2chdq4goa4o/s-gf71qoolye-1a9dffi-3bzxk0oax29qg/2ttsbb8a6brvjpqq.o:1: MAJOR:C-O1
./target/debug/incremental/operations_tests-f2chdq4goa4o/s-gf71qoolye-1a9dffi-3bzxk0oax29qg/2u36ej6d19n36gxe.o:1: MAJOR:C-O1
./target/debug/incremental/operations_tests-f2chdq4goa4o/s-gf71qoolye-1a9dffi-3bzxk0oax29qg/2w2zhfypjwgrbq7t.o:1: MAJOR:C-O1
./target/debug/incremental/operations_tests-f2chdq4goa4o/s-gf71qoolye-1a9dffi-3bzxk0oax29qg/2wt9i3oi1tvr65ov.o:1: MAJOR:C-O1
./target/debug/incremental/operations_tests-f2chdq4goa4o/s-gf71qoolye-1a9dffi-3bzxk0oax29qg/2zzp5dktybm5pjxt.o:1: MAJOR:C-O1
./target/debug/incremental/operations_tests-f2chdq4goa4o/s-gf71qoolye-1a9dffi-3bzxk0oax29qg/30hploqz5zke7urw.o:1: MAJOR:C-O1
./target/debug/incremental/operations_tests-f2chdq4goa4o/s-gf71qoolye-1a9dffi-3bzxk0oax29qg/3478ggjmz1ovo7e7.o:1: MAJOR:C-O1
./target/debug/incremental/operations_tests-f2chdq4goa4o/s-gf71qoolye-1a9dffi-3bzxk0oax29qg/36tfsv4843qhq1ew.o:1: MAJOR:C-O1
./target/debug/incremental/operations_tests-f2chdq4goa4o/s-gf71qoolye-1a9dffi-3bzxk0oax29qg/37vxwm18jzpqrhl2.o:1: MAJOR:C-O1
./target/debug/incremental/operations_tests-f2chdq4goa4o/s-gf71qoolye-1a9dffi-3bzxk0oax29qg/3a7m696glx6t0jqm.o:1: MAJOR:C-O1
./target/debug/incremental/operations_tests-f2chdq4goa4o/s-gf71qoolye-1a9dffi-3bzxk0oax29qg/3bnkdy4w8pse72g1.o:1: MAJOR:C-O1
./target/debug/incremental/operations_tests-f2chdq4goa4o/s-gf71qoolye-1a9dffi-3bzxk0oax29qg/3dq4nky2jyj9zxmz.o:1: MAJOR:C-O1
./target/debug/incremental/operations_tests-f2chdq4goa4o/s-gf71qoolye-1a9dffi-3bzxk0oax29qg/3eia9rvauo88zy6o.o:1: MAJOR:C-O1
./target/debug/incremental/operations_tests-f2chdq4goa4o/s-gf71qoolye-1a9dffi-3bzxk0oax29qg/3gfqpz65o6adojfy.o:1: MAJOR:C-O1
./target/debug/incremental/operations_tests-f2chdq4goa4o/s-gf71qoolye-1a9dffi-3bzxk0oax29qg/3h8iupeyn2rn8srs.o:1: MAJOR:C-O1
./target/debug/incremental/operations_tests-f2chdq4goa4o/s-gf71qoolye-1a9dffi-3bzxk0oax29qg/3jvbi34r5xttfd4o.o:1: MAJOR:C-O1
./target/debug/incremental/operations_tests-f2chdq4goa4o/s-gf71qoolye-1a9dffi-3bzxk0oax29qg/3jwxldtn7wwzr5t8.o:1: MAJOR:C-O1
./target/debug/incremental/operations_tests-f2chdq4goa4o/s-gf71qoolye-1a9dffi-3bzxk0oax29qg/3kmiv0eon2vmzb3t.o:1: MAJOR:C-O1
./target/debug/incremental/operations_tests-f2chdq4goa4o/s-gf71qoolye-1a9dffi-3bzxk0oax29qg/3lqlvgqqqj4aqa1v.o:1: MAJOR:C-O1
./target/debug/incremental/operations_tests-f2chdq4goa4o/s-gf71qoolye-1a9dffi-3bzxk0oax29qg/3pwbzct8ynyv36qz.o:1: MAJOR:C-O1
./target/debug/incremental/operations_tests-f2chdq4goa4o/s-gf71qoolye-1a9dffi-3bzxk0oax29qg/3rzzuqlpg2fflo6f.o:1: MAJOR:C-O1
./target/debug/incremental/operations_tests-f2chdq4goa4o/s-gf71qoolye-1a9dffi-3bzxk0oax29qg/3snokpm0ux1vegxd.o:1: MAJOR:C-O1
./target/debug/incremental/operations_tests-f2chdq4goa4o/s-gf71qoolye-1a9dffi-3bzxk0oax29qg/3ycd3xuia4w6z6t2.o:1: MAJOR:C-O1
./target/debug/incremental/operations_tests-f2chdq4goa4o/s-gf71qoolye-1a9dffi-3bzxk0oax29qg/447zil83b2ncy1xa.o:1: MAJOR:C-O1
./target/debug/incremental/operations_tests-f2chdq4goa4o/s-gf71qoolye-1a9dffi-3bzxk0oax29qg/45papymhkm22pkci.o:1: MAJOR:C-O1
./target/debug/incremental/operations_tests-f2chdq4goa4o/s-gf71qoolye-1a9dffi-3bzxk0oax29qg/4c1xuvloaigzga7x.o:1: MAJOR:C-O1
./target/debug/incremental/operations_tests-f2chdq4goa4o/s-gf71qoolye-1a9dffi-3bzxk0oax29qg/4dsbittgocudng4b.o:1: MAJOR:C-O1
./target/debug/incremental/operations_tests-f2chdq4goa4o/s-gf71qoolye-1a9dffi-3bzxk0oax29qg/4edda54rzdcoa6e5.o:1: MAJOR:C-O1
./target/debug/incremental/operations_tests-f2chdq4goa4o/s-gf71qoolye-1a9dffi-3bzxk0oax29qg/4lnw1d0lrxya1wkg.o:1: MAJOR:C-O1
./target/debug/incremental/operations_tests-f2chdq4goa4o/s-gf71qoolye-1a9dffi-3bzxk0oax29qg/4q5vsgynepnmbijk.o:1: MAJOR:C-O1
./target/debug/incremental/operations_tests-f2chdq4goa4o/s-gf71qoolye-1a9dffi-3bzxk0oax29qg/4shn4ynehp7bl2jb.o:1: MAJOR:C-O1
./target/debug/incremental/operations_tests-f2chdq4goa4o/s-gf71qoolye-1a9dffi-3bzxk0oax29qg/4slqevkbsqcg9c2t.o:1: MAJOR:C-O1
./target/debug/incremental/operations_tests-f2chdq4goa4o/s-gf71qoolye-1a9dffi-3bzxk0oax29qg/4u76y5o7tvgio95o.o:1: MAJOR:C-O1
./target/debug/incremental/operations_tests-f2chdq4goa4o/s-gf71qoolye-1a9dffi-3bzxk0oax29qg/4x1at32bc2bx44z8.o:1: MAJOR:C-O1
./target/debug/incremental/operations_tests-f2chdq4goa4o/s-gf71qoolye-1a9dffi-3bzxk0oax29qg/4yytggddc7yzzaie.o:1: MAJOR:C-O1
./target/debug/incremental/operations_tests-f2chdq4goa4o/s-gf71qoolye-1a9dffi-3bzxk0oax29qg/525duksa76qwxn6f.o:1: MAJOR:C-O1
./target/debug/incremental/operations_tests-f2chdq4goa4o/s-gf71qoolye-1a9dffi-3bzxk0oax29qg/54dg2s9s9t5pxyw9.o:1: MAJOR:C-O1
./target/debug/incremental/operations_tests-f2chdq4goa4o/s-gf71qoolye-1a9dffi-3bzxk0oax29qg/57d99gka7cayj7oj.o:1: MAJOR:C-O1
./target/debug/incremental/operations_tests-f2chdq4goa4o/s-gf71qoolye-1a9dffi-3bzxk0oax29qg/5b8tlpzyymgim8zr.o:1: MAJOR:C-O1
./target/debug/incremental/operations_tests-f2chdq4goa4o/s-gf71qoolye-1a9dffi-3bzxk0oax29qg/5c471m8aa3dxk43x.o:1: MAJOR:C-O1
./target/debug/incremental/operations_tests-f2chdq4goa4o/s-gf71qoolye-1a9dffi-3bzxk0oax29qg/5dlm6etnhl7d6tzf.o:1: MAJOR:C-O1
./target/debug/incremental/operations_tests-f2chdq4goa4o/s-gf71qoolye-1a9dffi-3bzxk0oax29qg/5em8ife1zhis9561.o:1: MAJOR:C-O1
./target/debug/incremental/operations_tests-f2chdq4goa4o/s-gf71qoolye-1a9dffi-3bzxk0oax29qg/8qvgoajk3hoeeik.o:1: MAJOR:C-O1
./target/debug/incremental/operations_tests-f2chdq4goa4o/s-gf71qoolye-1a9dffi-3bzxk0oax29qg/a4k1a5zn2flplvu.o:1: MAJOR:C-O1
./target/debug/incremental/operations_tests-f2chdq4goa4o/s-gf71qoolye-1a9dffi-3bzxk0oax29qg/bt9rk8lqq2d7hh5.o:1: MAJOR:C-O1
./target/debug/incremental/operations_tests-f2chdq4goa4o/s-gf71qoolye-1a9dffi-3bzxk0oax29qg/dqnd7olmwvsaflq.o:1: MAJOR:C-O1
./target/debug/incremental/operations_tests-f2chdq4goa4o/s-gf71qoolye-1a9dffi-3bzxk0oax29qg/em4wkrfhbxycfvk.o:1: MAJOR:C-O1
./target/debug/incremental/operations_tests-f2chdq4goa4o/s-gf71qoolye-1a9dffi-3bzxk0oax29qg/fh0jj7hhrtq6b67.o:1: MAJOR:C-O1
./target/debug/incremental/operations_tests-f2chdq4goa4o/s-gf71qoolye-1a9dffi-3bzxk0oax29qg/i6ypn7nmk5runv6.o:1: MAJOR:C-O1
./target/debug/incremental/operations_tests-f2chdq4goa4o/s-gf71qoolye-1a9dffi-3bzxk0oax29qg/oq6qrrtw9is0l97.o:1: MAJOR:C-O1
./target/debug/incremental/operations_tests-f2chdq4goa4o/s-gf71qoolye-1a9dffi-3bzxk0oax29qg/twlaw9ibagkhef0.o:1: MAJOR:C-O1
./target/debug/incremental/operations_tests-f2chdq4goa4o/s-gf71qoolye-1a9dffi-3bzxk0oax29qg/xy8wo6nbqe6mnu8.o:1: MAJOR:C-O1
